#
# There is insufficient memory for the Java Runtime Environment to continue.
# Native memory allocation (malloc) failed to allocate 1695776 bytes for Chunk::new
# Possible reasons:
#   The system is out of physical RAM or swap space
#   The process is running with CompressedOops enabled, and the Java Heap may be blocking the growth of the native heap
# Possible solutions:
#   Reduce memory load on the system
#   Increase physical memory or swap space
#   Check if swap backing store is full
#   Decrease Java heap size (-Xmx/-Xms)
#   Decrease number of Java threads
#   Decrease Java thread stack sizes (-Xss)
#   Set larger code cache with -XX:ReservedCodeCacheSize=
#   JVM is running with Unscaled Compressed Oops mode in which the Java heap is
#     placed in the first 4GB address space. The Java Heap base address is the
#     maximum limit for the native heap growth. Please use -XX:HeapBaseMinAddress
#     to set the Java Heap base and to place the Java Heap above 4GB virtual address.
# This output file may be truncated or incomplete.
#
#  Out of Memory Error (arena.cpp:168), pid=23740, tid=23868
#
# JRE version: Java(TM) SE Runtime Environment (21.0.3+7) (build 21.0.3+7-LTS-152)
# Java VM: Java HotSpot(TM) 64-Bit Server VM (21.0.3+7-LTS-152, mixed mode, sharing, tiered, compressed oops, compressed class ptrs, g1 gc, windows-amd64)
# No core dump will be written. Minidumps are not enabled by default on client versions of Windows
#

---------------  S U M M A R Y ------------

Command Line: -Dorg.gradle.internal.worker.tmpdir=E:\Kuliah\Sem4\Adpro\bookshop\build\tmp\test\work -Dorg.gradle.native=false -javaagent:E:\Kuliah\Sem4\Adpro\bookshop\build\tmp\.cache\expanded\zip_cde35f471dab581134460fc9a50e2c59\jacocoagent.jar=destfile=build/jacoco/test.exec,append=true,inclnolocationclasses=false,dumponexit=true,output=file,jmx=false -Xmx512m -Dfile.encoding=UTF-8 -Duser.country=ID -Duser.language=en -Duser.variant -ea worker.org.gradle.process.internal.worker.GradleWorkerMain 'Gradle Test Executor 1'

Host: 13th Gen Intel(R) Core(TM) i7-13620H, 16 cores, 15G,  Windows 11 , 64 bit Build 22621 (10.0.22621.3527)
Time: Sun May 26 15:19:32 2024 SE Asia Standard Time elapsed time: 1.231163 seconds (0d 0h 0m 1s)

---------------  T H R E A D  ---------------

Current thread (0x000001b16b4adcf0):  JavaThread "C2 CompilerThread3" daemon [_thread_in_native, id=23868, stack(0x0000008d4ba00000,0x0000008d4bb00000) (1024K)]


Current CompileTask:
C2:   1231 3078       4       org.jacoco.agent.rt.internal_4742761.asm.ClassReader::accept (1412 bytes)

Stack: [0x0000008d4ba00000,0x0000008d4bb00000]
Native frames: (J=compiled Java code, j=interpreted, Vv=VM code, C=native code)
V  [jvm.dll+0x6c63b9]
V  [jvm.dll+0x84fa11]
V  [jvm.dll+0x851f3e]
V  [jvm.dll+0x852613]
V  [jvm.dll+0x27cd46]
V  [jvm.dll+0xc4aad]
V  [jvm.dll+0xc4fe3]
V  [jvm.dll+0x3b1d5c]
V  [jvm.dll+0x37e485]
V  [jvm.dll+0x37d8fa]
V  [jvm.dll+0x245b40]
V  [jvm.dll+0x24511f]
V  [jvm.dll+0x1c689e]
V  [jvm.dll+0x254609]
V  [jvm.dll+0x252b9a]
V  [jvm.dll+0x3eb056]
V  [jvm.dll+0x7f9ffb]
V  [jvm.dll+0x6c4a9d]
C  [ucrtbase.dll+0x29333]
C  [KERNEL32.DLL+0x1257d]
C  [ntdll.dll+0x5aa48]


---------------  P R O C E S S  ---------------

Threads class SMR info:
_java_thread_list=0x000001b16e4d57c0, length=24, elements={
0x000001b109b67d00, 0x000001b12534d4f0, 0x000001b12534e410, 0x000001b1253551d0,
0x000001b1253561c0, 0x000001b125358e90, 0x000001b125359d80, 0x000001b125364b30,
0x000001b12536ad40, 0x000001b125445500, 0x000001b1254f17b0, 0x000001b12550d090,
0x000001b125b43a40, 0x000001b125c8c120, 0x000001b16b4ad620, 0x000001b16b4af160,
0x000001b16be782b0, 0x000001b16bdb8710, 0x000001b16cf689d0, 0x000001b16b4adcf0,
0x000001b16b4aff00, 0x000001b16b4af830, 0x000001b16b4b05d0, 0x000001b16b4acf50
}

Java Threads: ( => current thread )
  0x000001b109b67d00 JavaThread "Test worker"                       [_thread_in_Java, id=22164, stack(0x0000008d49600000,0x0000008d49700000) (1024K)]
  0x000001b12534d4f0 JavaThread "Reference Handler"          daemon [_thread_blocked, id=7920, stack(0x0000008d49e00000,0x0000008d49f00000) (1024K)]
  0x000001b12534e410 JavaThread "Finalizer"                  daemon [_thread_blocked, id=5444, stack(0x0000008d49f00000,0x0000008d4a000000) (1024K)]
  0x000001b1253551d0 JavaThread "Signal Dispatcher"          daemon [_thread_blocked, id=16560, stack(0x0000008d4a000000,0x0000008d4a100000) (1024K)]
  0x000001b1253561c0 JavaThread "Attach Listener"            daemon [_thread_blocked, id=26572, stack(0x0000008d4a100000,0x0000008d4a200000) (1024K)]
  0x000001b125358e90 JavaThread "Service Thread"             daemon [_thread_blocked, id=7876, stack(0x0000008d4a200000,0x0000008d4a300000) (1024K)]
  0x000001b125359d80 JavaThread "Monitor Deflation Thread"   daemon [_thread_blocked, id=19360, stack(0x0000008d4a300000,0x0000008d4a400000) (1024K)]
  0x000001b125364b30 JavaThread "C2 CompilerThread0"         daemon [_thread_in_native, id=21180, stack(0x0000008d4a400000,0x0000008d4a500000) (1024K)]
  0x000001b12536ad40 JavaThread "C1 CompilerThread0"         daemon [_thread_blocked, id=18896, stack(0x0000008d4a500000,0x0000008d4a600000) (1024K)]
  0x000001b125445500 JavaThread "C1 CompilerThread1"         daemon [_thread_blocked, id=16340, stack(0x0000008d4a600000,0x0000008d4a700000) (1024K)]
  0x000001b1254f17b0 JavaThread "Common-Cleaner"             daemon [_thread_blocked, id=23468, stack(0x0000008d4a700000,0x0000008d4a800000) (1024K)]
  0x000001b12550d090 JavaThread "C2 CompilerThread1"         daemon [_thread_in_native, id=10996, stack(0x0000008d4a800000,0x0000008d4a900000) (1024K)]
  0x000001b125b43a40 JavaThread "Notification Thread"        daemon [_thread_blocked, id=26352, stack(0x0000008d4a900000,0x0000008d4aa00000) (1024K)]
  0x000001b125c8c120 JavaThread "C2 CompilerThread2"         daemon [_thread_in_native, id=25088, stack(0x0000008d4aa00000,0x0000008d4ab00000) (1024K)]
  0x000001b16b4ad620 JavaThread "C1 CompilerThread2"         daemon [_thread_blocked, id=25348, stack(0x0000008d4ab00000,0x0000008d4ac00000) (1024K)]
  0x000001b16b4af160 JavaThread "C1 CompilerThread3"         daemon [_thread_blocked, id=19772, stack(0x0000008d4ac00000,0x0000008d4ad00000) (1024K)]
  0x000001b16be782b0 JavaThread "/127.0.0.1:59931 to /127.0.0.1:59930 workers"        [_thread_blocked, id=20500, stack(0x0000008d4b300000,0x0000008d4b400000) (1024K)]
  0x000001b16bdb8710 JavaThread "/127.0.0.1:59931 to /127.0.0.1:59930 workers Thread 2"        [_thread_in_Java, id=26092, stack(0x0000008d4b800000,0x0000008d4b900000) (1024K)]
  0x000001b16cf689d0 JavaThread "/127.0.0.1:59931 to /127.0.0.1:59930 workers Thread 3"        [_thread_in_native, id=25084, stack(0x0000008d4b900000,0x0000008d4ba00000) (1024K)]
=>0x000001b16b4adcf0 JavaThread "C2 CompilerThread3"         daemon [_thread_in_native, id=23868, stack(0x0000008d4ba00000,0x0000008d4bb00000) (1024K)]
  0x000001b16b4aff00 JavaThread "C2 CompilerThread4"         daemon [_thread_in_native, id=17348, stack(0x0000008d4bb00000,0x0000008d4bc00000) (1024K)]
  0x000001b16b4af830 JavaThread "C2 CompilerThread5"         daemon [_thread_in_native, id=4264, stack(0x0000008d4bf00000,0x0000008d4c000000) (1024K)]
  0x000001b16b4b05d0 JavaThread "C2 CompilerThread6"         daemon [_thread_in_native, id=16820, stack(0x0000008d4c000000,0x0000008d4c100000) (1024K)]
  0x000001b16b4acf50 JavaThread "C2 CompilerThread7"         daemon [_thread_in_native, id=24048, stack(0x0000008d4c100000,0x0000008d4c200000) (1024K)]
Total: 24

Other Threads:
  0x000001b1252358a0 VMThread "VM Thread"                           [id=4160, stack(0x0000008d49d00000,0x0000008d49e00000) (1024K)]
  0x000001b12521c2b0 WatcherThread "VM Periodic Task Thread"        [id=16400, stack(0x0000008d49c00000,0x0000008d49d00000) (1024K)]
  0x000001b109b93420 WorkerThread "GC Thread#0"                     [id=13020, stack(0x0000008d49700000,0x0000008d49800000) (1024K)]
  0x000001b16b7ffa30 WorkerThread "GC Thread#1"                     [id=10300, stack(0x0000008d4ad00000,0x0000008d4ae00000) (1024K)]
  0x000001b16b82b9e0 WorkerThread "GC Thread#2"                     [id=10360, stack(0x0000008d4ae00000,0x0000008d4af00000) (1024K)]
  0x000001b16b9b3af0 WorkerThread "GC Thread#3"                     [id=25248, stack(0x0000008d4af00000,0x0000008d4b000000) (1024K)]
  0x000001b16b8a9410 WorkerThread "GC Thread#4"                     [id=16840, stack(0x0000008d4b000000,0x0000008d4b100000) (1024K)]
  0x000001b16b833080 WorkerThread "GC Thread#5"                     [id=8188, stack(0x0000008d4b100000,0x0000008d4b200000) (1024K)]
  0x000001b16c30e4b0 WorkerThread "GC Thread#6"                     [id=18188, stack(0x0000008d4b400000,0x0000008d4b500000) (1024K)]
  0x000001b16c30d630 WorkerThread "GC Thread#7"                     [id=14116, stack(0x0000008d4b500000,0x0000008d4b600000) (1024K)]
  0x000001b16c30d290 WorkerThread "GC Thread#8"                     [id=17788, stack(0x0000008d4b600000,0x0000008d4b700000) (1024K)]
  0x000001b16c30dd70 WorkerThread "GC Thread#9"                     [id=16812, stack(0x0000008d4b700000,0x0000008d4b800000) (1024K)]
  0x000001b16c30cef0 WorkerThread "GC Thread#10"                    [id=12716, stack(0x0000008d4bc00000,0x0000008d4bd00000) (1024K)]
  0x000001b16bcdc4d0 WorkerThread "GC Thread#11"                    [id=24100, stack(0x0000008d4bd00000,0x0000008d4be00000) (1024K)]
  0x000001b16bcdd350 WorkerThread "GC Thread#12"                    [id=14076, stack(0x0000008d4be00000,0x0000008d4bf00000) (1024K)]
  0x000001b109b98400 ConcurrentGCThread "G1 Main Marker"            [id=26008, stack(0x0000008d49800000,0x0000008d49900000) (1024K)]
  0x000001b109b98f00 WorkerThread "G1 Conc#0"                       [id=16780, stack(0x0000008d49900000,0x0000008d49a00000) (1024K)]
  0x000001b109c1e8e0 ConcurrentGCThread "G1 Refine#0"               [id=3508, stack(0x0000008d49a00000,0x0000008d49b00000) (1024K)]
  0x000001b1250f1770 ConcurrentGCThread "G1 Service"                [id=24764, stack(0x0000008d49b00000,0x0000008d49c00000) (1024K)]
Total: 19

Threads with active compile tasks:
C2 CompilerThread0     1248 3507       4       java.io.ObjectOutputStream$BlockDataOutputStream::write (152 bytes)
C2 CompilerThread1     1248 2846 %     4       org.jacoco.agent.rt.internal_4742761.asm.ClassReader::readCode @ 2186 (5117 bytes)
C2 CompilerThread2     1248 3158       4       java.lang.invoke.MethodType::makeImpl (109 bytes)
C2 CompilerThread3     1248 3078       4       org.jacoco.agent.rt.internal_4742761.asm.ClassReader::accept (1412 bytes)
C2 CompilerThread4     1249 3289   !   4       java.io.ObjectOutputStream::writeObject0 (620 bytes)
C2 CompilerThread5     1249 3380   !   4       java.io.ObjectOutputStream::defaultWriteFields (288 bytes)
C2 CompilerThread6     1249 3499       4       com.esotericsoftware.kryo.io.Output::writeString_slow (316 bytes)
C2 CompilerThread7     1249 3483   !   4       java.io.ObjectOutputStream::writeSerialData (223 bytes)
Total: 8

VM state: not at safepoint (normal execution)

VM Mutex/Monitor currently owned by a thread:  ([mutex/lock_event])
[0x00007fff92261928] MethodCompileQueue_lock - owner thread: 0x000001b16b4b05d0
[0x00007fff92262ca8] CodeCache_lock - owner thread: 0x000001b16b4b05d0
[0x00007fff92262e28] Compile_lock - owner thread: 0x000001b16b4b05d0

Heap address: 0x00000000e0000000, size: 512 MB, Compressed Oops mode: 32-bit

CDS archive(s) mapped at: [0x000001b126000000-0x000001b126c90000-0x000001b126c90000), size 13172736, SharedBaseAddress: 0x000001b126000000, ArchiveRelocationMode: 1.
Compressed class space mapped at: 0x000001b127000000-0x000001b167000000, reserved size: 1073741824
Narrow klass base: 0x000001b126000000, Narrow klass shift: 0, Narrow klass range: 0x100000000

GC Precious Log:
 CardTable entry size: 512
 Card Set container configuration: InlinePtr #cards 5 size 8 Array Of Cards #cards 12 size 40 Howl #buckets 4 coarsen threshold 1843 Howl Bitmap #cards 512 size 80 coarsen threshold 460 Card regions per heap region 1 cards per card region 2048
 CPUs: 16 total, 16 available
 Memory: 16176M
 Large Page Support: Disabled
 NUMA Support: Disabled
 Compressed Oops: Enabled (32-bit)
 Heap Region Size: 1M
 Heap Min Capacity: 8M
 Heap Initial Capacity: 254M
 Heap Max Capacity: 512M
 Pre-touch: Disabled
 Parallel Workers: 13
 Concurrent Workers: 3
 Concurrent Refinement Workers: 13
 Periodic GC: Disabled

Heap:
 garbage-first heap   total 260096K, used 42911K [0x00000000e0000000, 0x0000000100000000)
  region size 1024K, 36 young (36864K), 4 survivors (4096K)
 Metaspace       used 12993K, committed 13376K, reserved 1114112K
  class space    used 1519K, committed 1728K, reserved 1048576K

Heap Regions: E=young(eden), S=young(survivor), O=old, HS=humongous(starts), HC=humongous(continues), CS=collection set, F=free, TAMS=top-at-mark-start, PB=parsable bottom
|   0|0x00000000e0000000, 0x00000000e0100000, 0x00000000e0100000|100%|HS|  |TAMS 0x00000000e0000000| PB 0x00000000e0000000| Complete 
|   1|0x00000000e0100000, 0x00000000e0200000, 0x00000000e0200000|100%| O|  |TAMS 0x00000000e0100000| PB 0x00000000e0100000| Untracked 
|   2|0x00000000e0200000, 0x00000000e0300000, 0x00000000e0300000|100%| O|  |TAMS 0x00000000e0200000| PB 0x00000000e0200000| Untracked 
|   3|0x00000000e0300000, 0x00000000e0400000, 0x00000000e0400000|100%| O|  |TAMS 0x00000000e0300000| PB 0x00000000e0300000| Untracked 
|   4|0x00000000e0400000, 0x00000000e0500000, 0x00000000e0500000|100%| O|  |TAMS 0x00000000e0400000| PB 0x00000000e0400000| Untracked 
|   5|0x00000000e0500000, 0x00000000e0600000, 0x00000000e0600000|100%| O|  |TAMS 0x00000000e0500000| PB 0x00000000e0500000| Untracked 
|   6|0x00000000e0600000, 0x00000000e0700000, 0x00000000e0700000|100%| O|  |TAMS 0x00000000e0600000| PB 0x00000000e0600000| Untracked 
|   7|0x00000000e0700000, 0x00000000e072dca8, 0x00000000e0800000| 17%| O|  |TAMS 0x00000000e0700000| PB 0x00000000e0700000| Untracked 
|   8|0x00000000e0800000, 0x00000000e0800000, 0x00000000e0900000|  0%| F|  |TAMS 0x00000000e0800000| PB 0x00000000e0800000| Untracked 
|   9|0x00000000e0900000, 0x00000000e0900000, 0x00000000e0a00000|  0%| F|  |TAMS 0x00000000e0900000| PB 0x00000000e0900000| Untracked 
|  10|0x00000000e0a00000, 0x00000000e0a00000, 0x00000000e0b00000|  0%| F|  |TAMS 0x00000000e0a00000| PB 0x00000000e0a00000| Untracked 
|  11|0x00000000e0b00000, 0x00000000e0b00000, 0x00000000e0c00000|  0%| F|  |TAMS 0x00000000e0b00000| PB 0x00000000e0b00000| Untracked 
|  12|0x00000000e0c00000, 0x00000000e0c00000, 0x00000000e0d00000|  0%| F|  |TAMS 0x00000000e0c00000| PB 0x00000000e0c00000| Untracked 
|  13|0x00000000e0d00000, 0x00000000e0d00000, 0x00000000e0e00000|  0%| F|  |TAMS 0x00000000e0d00000| PB 0x00000000e0d00000| Untracked 
|  14|0x00000000e0e00000, 0x00000000e0e00000, 0x00000000e0f00000|  0%| F|  |TAMS 0x00000000e0e00000| PB 0x00000000e0e00000| Untracked 
|  15|0x00000000e0f00000, 0x00000000e0f00000, 0x00000000e1000000|  0%| F|  |TAMS 0x00000000e0f00000| PB 0x00000000e0f00000| Untracked 
|  16|0x00000000e1000000, 0x00000000e1000000, 0x00000000e1100000|  0%| F|  |TAMS 0x00000000e1000000| PB 0x00000000e1000000| Untracked 
|  17|0x00000000e1100000, 0x00000000e1100000, 0x00000000e1200000|  0%| F|  |TAMS 0x00000000e1100000| PB 0x00000000e1100000| Untracked 
|  18|0x00000000e1200000, 0x00000000e1200000, 0x00000000e1300000|  0%| F|  |TAMS 0x00000000e1200000| PB 0x00000000e1200000| Untracked 
|  19|0x00000000e1300000, 0x00000000e1300000, 0x00000000e1400000|  0%| F|  |TAMS 0x00000000e1300000| PB 0x00000000e1300000| Untracked 
|  20|0x00000000e1400000, 0x00000000e1400000, 0x00000000e1500000|  0%| F|  |TAMS 0x00000000e1400000| PB 0x00000000e1400000| Untracked 
|  21|0x00000000e1500000, 0x00000000e1500000, 0x00000000e1600000|  0%| F|  |TAMS 0x00000000e1500000| PB 0x00000000e1500000| Untracked 
|  22|0x00000000e1600000, 0x00000000e1600000, 0x00000000e1700000|  0%| F|  |TAMS 0x00000000e1600000| PB 0x00000000e1600000| Untracked 
|  23|0x00000000e1700000, 0x00000000e1700000, 0x00000000e1800000|  0%| F|  |TAMS 0x00000000e1700000| PB 0x00000000e1700000| Untracked 
|  24|0x00000000e1800000, 0x00000000e1800000, 0x00000000e1900000|  0%| F|  |TAMS 0x00000000e1800000| PB 0x00000000e1800000| Untracked 
|  25|0x00000000e1900000, 0x00000000e1900000, 0x00000000e1a00000|  0%| F|  |TAMS 0x00000000e1900000| PB 0x00000000e1900000| Untracked 
|  26|0x00000000e1a00000, 0x00000000e1a00000, 0x00000000e1b00000|  0%| F|  |TAMS 0x00000000e1a00000| PB 0x00000000e1a00000| Untracked 
|  27|0x00000000e1b00000, 0x00000000e1b00000, 0x00000000e1c00000|  0%| F|  |TAMS 0x00000000e1b00000| PB 0x00000000e1b00000| Untracked 
|  28|0x00000000e1c00000, 0x00000000e1c00000, 0x00000000e1d00000|  0%| F|  |TAMS 0x00000000e1c00000| PB 0x00000000e1c00000| Untracked 
|  29|0x00000000e1d00000, 0x00000000e1d00000, 0x00000000e1e00000|  0%| F|  |TAMS 0x00000000e1d00000| PB 0x00000000e1d00000| Untracked 
|  30|0x00000000e1e00000, 0x00000000e1e00000, 0x00000000e1f00000|  0%| F|  |TAMS 0x00000000e1e00000| PB 0x00000000e1e00000| Untracked 
|  31|0x00000000e1f00000, 0x00000000e1f00000, 0x00000000e2000000|  0%| F|  |TAMS 0x00000000e1f00000| PB 0x00000000e1f00000| Untracked 
|  32|0x00000000e2000000, 0x00000000e2000000, 0x00000000e2100000|  0%| F|  |TAMS 0x00000000e2000000| PB 0x00000000e2000000| Untracked 
|  33|0x00000000e2100000, 0x00000000e2100000, 0x00000000e2200000|  0%| F|  |TAMS 0x00000000e2100000| PB 0x00000000e2100000| Untracked 
|  34|0x00000000e2200000, 0x00000000e2200000, 0x00000000e2300000|  0%| F|  |TAMS 0x00000000e2200000| PB 0x00000000e2200000| Untracked 
|  35|0x00000000e2300000, 0x00000000e2300000, 0x00000000e2400000|  0%| F|  |TAMS 0x00000000e2300000| PB 0x00000000e2300000| Untracked 
|  36|0x00000000e2400000, 0x00000000e2400000, 0x00000000e2500000|  0%| F|  |TAMS 0x00000000e2400000| PB 0x00000000e2400000| Untracked 
|  37|0x00000000e2500000, 0x00000000e2500000, 0x00000000e2600000|  0%| F|  |TAMS 0x00000000e2500000| PB 0x00000000e2500000| Untracked 
|  38|0x00000000e2600000, 0x00000000e2600000, 0x00000000e2700000|  0%| F|  |TAMS 0x00000000e2600000| PB 0x00000000e2600000| Untracked 
|  39|0x00000000e2700000, 0x00000000e2700000, 0x00000000e2800000|  0%| F|  |TAMS 0x00000000e2700000| PB 0x00000000e2700000| Untracked 
|  40|0x00000000e2800000, 0x00000000e2800000, 0x00000000e2900000|  0%| F|  |TAMS 0x00000000e2800000| PB 0x00000000e2800000| Untracked 
|  41|0x00000000e2900000, 0x00000000e2900000, 0x00000000e2a00000|  0%| F|  |TAMS 0x00000000e2900000| PB 0x00000000e2900000| Untracked 
|  42|0x00000000e2a00000, 0x00000000e2a00000, 0x00000000e2b00000|  0%| F|  |TAMS 0x00000000e2a00000| PB 0x00000000e2a00000| Untracked 
|  43|0x00000000e2b00000, 0x00000000e2b00000, 0x00000000e2c00000|  0%| F|  |TAMS 0x00000000e2b00000| PB 0x00000000e2b00000| Untracked 
|  44|0x00000000e2c00000, 0x00000000e2c00000, 0x00000000e2d00000|  0%| F|  |TAMS 0x00000000e2c00000| PB 0x00000000e2c00000| Untracked 
|  45|0x00000000e2d00000, 0x00000000e2d00000, 0x00000000e2e00000|  0%| F|  |TAMS 0x00000000e2d00000| PB 0x00000000e2d00000| Untracked 
|  46|0x00000000e2e00000, 0x00000000e2e00000, 0x00000000e2f00000|  0%| F|  |TAMS 0x00000000e2e00000| PB 0x00000000e2e00000| Untracked 
|  47|0x00000000e2f00000, 0x00000000e2f00000, 0x00000000e3000000|  0%| F|  |TAMS 0x00000000e2f00000| PB 0x00000000e2f00000| Untracked 
|  48|0x00000000e3000000, 0x00000000e3000000, 0x00000000e3100000|  0%| F|  |TAMS 0x00000000e3000000| PB 0x00000000e3000000| Untracked 
|  49|0x00000000e3100000, 0x00000000e3100000, 0x00000000e3200000|  0%| F|  |TAMS 0x00000000e3100000| PB 0x00000000e3100000| Untracked 
|  50|0x00000000e3200000, 0x00000000e3200000, 0x00000000e3300000|  0%| F|  |TAMS 0x00000000e3200000| PB 0x00000000e3200000| Untracked 
|  51|0x00000000e3300000, 0x00000000e3300000, 0x00000000e3400000|  0%| F|  |TAMS 0x00000000e3300000| PB 0x00000000e3300000| Untracked 
|  52|0x00000000e3400000, 0x00000000e3400000, 0x00000000e3500000|  0%| F|  |TAMS 0x00000000e3400000| PB 0x00000000e3400000| Untracked 
|  53|0x00000000e3500000, 0x00000000e3500000, 0x00000000e3600000|  0%| F|  |TAMS 0x00000000e3500000| PB 0x00000000e3500000| Untracked 
|  54|0x00000000e3600000, 0x00000000e3600000, 0x00000000e3700000|  0%| F|  |TAMS 0x00000000e3600000| PB 0x00000000e3600000| Untracked 
|  55|0x00000000e3700000, 0x00000000e3700000, 0x00000000e3800000|  0%| F|  |TAMS 0x00000000e3700000| PB 0x00000000e3700000| Untracked 
|  56|0x00000000e3800000, 0x00000000e3800000, 0x00000000e3900000|  0%| F|  |TAMS 0x00000000e3800000| PB 0x00000000e3800000| Untracked 
|  57|0x00000000e3900000, 0x00000000e3900000, 0x00000000e3a00000|  0%| F|  |TAMS 0x00000000e3900000| PB 0x00000000e3900000| Untracked 
|  58|0x00000000e3a00000, 0x00000000e3a00000, 0x00000000e3b00000|  0%| F|  |TAMS 0x00000000e3a00000| PB 0x00000000e3a00000| Untracked 
|  59|0x00000000e3b00000, 0x00000000e3b00000, 0x00000000e3c00000|  0%| F|  |TAMS 0x00000000e3b00000| PB 0x00000000e3b00000| Untracked 
|  60|0x00000000e3c00000, 0x00000000e3c00000, 0x00000000e3d00000|  0%| F|  |TAMS 0x00000000e3c00000| PB 0x00000000e3c00000| Untracked 
|  61|0x00000000e3d00000, 0x00000000e3d00000, 0x00000000e3e00000|  0%| F|  |TAMS 0x00000000e3d00000| PB 0x00000000e3d00000| Untracked 
|  62|0x00000000e3e00000, 0x00000000e3e00000, 0x00000000e3f00000|  0%| F|  |TAMS 0x00000000e3e00000| PB 0x00000000e3e00000| Untracked 
|  63|0x00000000e3f00000, 0x00000000e3f00000, 0x00000000e4000000|  0%| F|  |TAMS 0x00000000e3f00000| PB 0x00000000e3f00000| Untracked 
|  64|0x00000000e4000000, 0x00000000e4000000, 0x00000000e4100000|  0%| F|  |TAMS 0x00000000e4000000| PB 0x00000000e4000000| Untracked 
|  65|0x00000000e4100000, 0x00000000e4100000, 0x00000000e4200000|  0%| F|  |TAMS 0x00000000e4100000| PB 0x00000000e4100000| Untracked 
|  66|0x00000000e4200000, 0x00000000e4200000, 0x00000000e4300000|  0%| F|  |TAMS 0x00000000e4200000| PB 0x00000000e4200000| Untracked 
|  67|0x00000000e4300000, 0x00000000e4300000, 0x00000000e4400000|  0%| F|  |TAMS 0x00000000e4300000| PB 0x00000000e4300000| Untracked 
|  68|0x00000000e4400000, 0x00000000e4400000, 0x00000000e4500000|  0%| F|  |TAMS 0x00000000e4400000| PB 0x00000000e4400000| Untracked 
|  69|0x00000000e4500000, 0x00000000e4500000, 0x00000000e4600000|  0%| F|  |TAMS 0x00000000e4500000| PB 0x00000000e4500000| Untracked 
|  70|0x00000000e4600000, 0x00000000e4600000, 0x00000000e4700000|  0%| F|  |TAMS 0x00000000e4600000| PB 0x00000000e4600000| Untracked 
|  71|0x00000000e4700000, 0x00000000e4700000, 0x00000000e4800000|  0%| F|  |TAMS 0x00000000e4700000| PB 0x00000000e4700000| Untracked 
|  72|0x00000000e4800000, 0x00000000e4800000, 0x00000000e4900000|  0%| F|  |TAMS 0x00000000e4800000| PB 0x00000000e4800000| Untracked 
|  73|0x00000000e4900000, 0x00000000e4900000, 0x00000000e4a00000|  0%| F|  |TAMS 0x00000000e4900000| PB 0x00000000e4900000| Untracked 
|  74|0x00000000e4a00000, 0x00000000e4a00000, 0x00000000e4b00000|  0%| F|  |TAMS 0x00000000e4a00000| PB 0x00000000e4a00000| Untracked 
|  75|0x00000000e4b00000, 0x00000000e4b00000, 0x00000000e4c00000|  0%| F|  |TAMS 0x00000000e4b00000| PB 0x00000000e4b00000| Untracked 
|  76|0x00000000e4c00000, 0x00000000e4c00000, 0x00000000e4d00000|  0%| F|  |TAMS 0x00000000e4c00000| PB 0x00000000e4c00000| Untracked 
|  77|0x00000000e4d00000, 0x00000000e4d00000, 0x00000000e4e00000|  0%| F|  |TAMS 0x00000000e4d00000| PB 0x00000000e4d00000| Untracked 
|  78|0x00000000e4e00000, 0x00000000e4e00000, 0x00000000e4f00000|  0%| F|  |TAMS 0x00000000e4e00000| PB 0x00000000e4e00000| Untracked 
|  79|0x00000000e4f00000, 0x00000000e4f00000, 0x00000000e5000000|  0%| F|  |TAMS 0x00000000e4f00000| PB 0x00000000e4f00000| Untracked 
|  80|0x00000000e5000000, 0x00000000e5000000, 0x00000000e5100000|  0%| F|  |TAMS 0x00000000e5000000| PB 0x00000000e5000000| Untracked 
|  81|0x00000000e5100000, 0x00000000e5100000, 0x00000000e5200000|  0%| F|  |TAMS 0x00000000e5100000| PB 0x00000000e5100000| Untracked 
|  82|0x00000000e5200000, 0x00000000e5200000, 0x00000000e5300000|  0%| F|  |TAMS 0x00000000e5200000| PB 0x00000000e5200000| Untracked 
|  83|0x00000000e5300000, 0x00000000e5300000, 0x00000000e5400000|  0%| F|  |TAMS 0x00000000e5300000| PB 0x00000000e5300000| Untracked 
|  84|0x00000000e5400000, 0x00000000e5400000, 0x00000000e5500000|  0%| F|  |TAMS 0x00000000e5400000| PB 0x00000000e5400000| Untracked 
|  85|0x00000000e5500000, 0x00000000e5500000, 0x00000000e5600000|  0%| F|  |TAMS 0x00000000e5500000| PB 0x00000000e5500000| Untracked 
|  86|0x00000000e5600000, 0x00000000e5600000, 0x00000000e5700000|  0%| F|  |TAMS 0x00000000e5600000| PB 0x00000000e5600000| Untracked 
|  87|0x00000000e5700000, 0x00000000e5700000, 0x00000000e5800000|  0%| F|  |TAMS 0x00000000e5700000| PB 0x00000000e5700000| Untracked 
|  88|0x00000000e5800000, 0x00000000e5800000, 0x00000000e5900000|  0%| F|  |TAMS 0x00000000e5800000| PB 0x00000000e5800000| Untracked 
|  89|0x00000000e5900000, 0x00000000e5900000, 0x00000000e5a00000|  0%| F|  |TAMS 0x00000000e5900000| PB 0x00000000e5900000| Untracked 
|  90|0x00000000e5a00000, 0x00000000e5a00000, 0x00000000e5b00000|  0%| F|  |TAMS 0x00000000e5a00000| PB 0x00000000e5a00000| Untracked 
|  91|0x00000000e5b00000, 0x00000000e5b00000, 0x00000000e5c00000|  0%| F|  |TAMS 0x00000000e5b00000| PB 0x00000000e5b00000| Untracked 
|  92|0x00000000e5c00000, 0x00000000e5c00000, 0x00000000e5d00000|  0%| F|  |TAMS 0x00000000e5c00000| PB 0x00000000e5c00000| Untracked 
|  93|0x00000000e5d00000, 0x00000000e5d00000, 0x00000000e5e00000|  0%| F|  |TAMS 0x00000000e5d00000| PB 0x00000000e5d00000| Untracked 
|  94|0x00000000e5e00000, 0x00000000e5e00000, 0x00000000e5f00000|  0%| F|  |TAMS 0x00000000e5e00000| PB 0x00000000e5e00000| Untracked 
|  95|0x00000000e5f00000, 0x00000000e5f00000, 0x00000000e6000000|  0%| F|  |TAMS 0x00000000e5f00000| PB 0x00000000e5f00000| Untracked 
|  96|0x00000000e6000000, 0x00000000e6000000, 0x00000000e6100000|  0%| F|  |TAMS 0x00000000e6000000| PB 0x00000000e6000000| Untracked 
|  97|0x00000000e6100000, 0x00000000e6100000, 0x00000000e6200000|  0%| F|  |TAMS 0x00000000e6100000| PB 0x00000000e6100000| Untracked 
|  98|0x00000000e6200000, 0x00000000e6200000, 0x00000000e6300000|  0%| F|  |TAMS 0x00000000e6200000| PB 0x00000000e6200000| Untracked 
|  99|0x00000000e6300000, 0x00000000e6300000, 0x00000000e6400000|  0%| F|  |TAMS 0x00000000e6300000| PB 0x00000000e6300000| Untracked 
| 100|0x00000000e6400000, 0x00000000e6400000, 0x00000000e6500000|  0%| F|  |TAMS 0x00000000e6400000| PB 0x00000000e6400000| Untracked 
| 101|0x00000000e6500000, 0x00000000e6500000, 0x00000000e6600000|  0%| F|  |TAMS 0x00000000e6500000| PB 0x00000000e6500000| Untracked 
| 102|0x00000000e6600000, 0x00000000e6600000, 0x00000000e6700000|  0%| F|  |TAMS 0x00000000e6600000| PB 0x00000000e6600000| Untracked 
| 103|0x00000000e6700000, 0x00000000e6700000, 0x00000000e6800000|  0%| F|  |TAMS 0x00000000e6700000| PB 0x00000000e6700000| Untracked 
| 104|0x00000000e6800000, 0x00000000e6800000, 0x00000000e6900000|  0%| F|  |TAMS 0x00000000e6800000| PB 0x00000000e6800000| Untracked 
| 105|0x00000000e6900000, 0x00000000e6900000, 0x00000000e6a00000|  0%| F|  |TAMS 0x00000000e6900000| PB 0x00000000e6900000| Untracked 
| 106|0x00000000e6a00000, 0x00000000e6a00000, 0x00000000e6b00000|  0%| F|  |TAMS 0x00000000e6a00000| PB 0x00000000e6a00000| Untracked 
| 107|0x00000000e6b00000, 0x00000000e6b00000, 0x00000000e6c00000|  0%| F|  |TAMS 0x00000000e6b00000| PB 0x00000000e6b00000| Untracked 
| 108|0x00000000e6c00000, 0x00000000e6c00000, 0x00000000e6d00000|  0%| F|  |TAMS 0x00000000e6c00000| PB 0x00000000e6c00000| Untracked 
| 109|0x00000000e6d00000, 0x00000000e6d00000, 0x00000000e6e00000|  0%| F|  |TAMS 0x00000000e6d00000| PB 0x00000000e6d00000| Untracked 
| 110|0x00000000e6e00000, 0x00000000e6e00000, 0x00000000e6f00000|  0%| F|  |TAMS 0x00000000e6e00000| PB 0x00000000e6e00000| Untracked 
| 111|0x00000000e6f00000, 0x00000000e6f00000, 0x00000000e7000000|  0%| F|  |TAMS 0x00000000e6f00000| PB 0x00000000e6f00000| Untracked 
| 112|0x00000000e7000000, 0x00000000e7000000, 0x00000000e7100000|  0%| F|  |TAMS 0x00000000e7000000| PB 0x00000000e7000000| Untracked 
| 113|0x00000000e7100000, 0x00000000e7100000, 0x00000000e7200000|  0%| F|  |TAMS 0x00000000e7100000| PB 0x00000000e7100000| Untracked 
| 114|0x00000000e7200000, 0x00000000e7200000, 0x00000000e7300000|  0%| F|  |TAMS 0x00000000e7200000| PB 0x00000000e7200000| Untracked 
| 115|0x00000000e7300000, 0x00000000e7300000, 0x00000000e7400000|  0%| F|  |TAMS 0x00000000e7300000| PB 0x00000000e7300000| Untracked 
| 116|0x00000000e7400000, 0x00000000e7400000, 0x00000000e7500000|  0%| F|  |TAMS 0x00000000e7400000| PB 0x00000000e7400000| Untracked 
| 117|0x00000000e7500000, 0x00000000e7500000, 0x00000000e7600000|  0%| F|  |TAMS 0x00000000e7500000| PB 0x00000000e7500000| Untracked 
| 118|0x00000000e7600000, 0x00000000e7600000, 0x00000000e7700000|  0%| F|  |TAMS 0x00000000e7600000| PB 0x00000000e7600000| Untracked 
| 119|0x00000000e7700000, 0x00000000e7700000, 0x00000000e7800000|  0%| F|  |TAMS 0x00000000e7700000| PB 0x00000000e7700000| Untracked 
| 120|0x00000000e7800000, 0x00000000e7800000, 0x00000000e7900000|  0%| F|  |TAMS 0x00000000e7800000| PB 0x00000000e7800000| Untracked 
| 121|0x00000000e7900000, 0x00000000e7900000, 0x00000000e7a00000|  0%| F|  |TAMS 0x00000000e7900000| PB 0x00000000e7900000| Untracked 
| 122|0x00000000e7a00000, 0x00000000e7a00000, 0x00000000e7b00000|  0%| F|  |TAMS 0x00000000e7a00000| PB 0x00000000e7a00000| Untracked 
| 123|0x00000000e7b00000, 0x00000000e7b00000, 0x00000000e7c00000|  0%| F|  |TAMS 0x00000000e7b00000| PB 0x00000000e7b00000| Untracked 
| 124|0x00000000e7c00000, 0x00000000e7c00000, 0x00000000e7d00000|  0%| F|  |TAMS 0x00000000e7c00000| PB 0x00000000e7c00000| Untracked 
| 125|0x00000000e7d00000, 0x00000000e7d00000, 0x00000000e7e00000|  0%| F|  |TAMS 0x00000000e7d00000| PB 0x00000000e7d00000| Untracked 
| 126|0x00000000e7e00000, 0x00000000e7e00000, 0x00000000e7f00000|  0%| F|  |TAMS 0x00000000e7e00000| PB 0x00000000e7e00000| Untracked 
| 127|0x00000000e7f00000, 0x00000000e7f00000, 0x00000000e8000000|  0%| F|  |TAMS 0x00000000e7f00000| PB 0x00000000e7f00000| Untracked 
| 128|0x00000000e8000000, 0x00000000e8000000, 0x00000000e8100000|  0%| F|  |TAMS 0x00000000e8000000| PB 0x00000000e8000000| Untracked 
| 129|0x00000000e8100000, 0x00000000e8100000, 0x00000000e8200000|  0%| F|  |TAMS 0x00000000e8100000| PB 0x00000000e8100000| Untracked 
| 130|0x00000000e8200000, 0x00000000e8200000, 0x00000000e8300000|  0%| F|  |TAMS 0x00000000e8200000| PB 0x00000000e8200000| Untracked 
| 131|0x00000000e8300000, 0x00000000e8300000, 0x00000000e8400000|  0%| F|  |TAMS 0x00000000e8300000| PB 0x00000000e8300000| Untracked 
| 132|0x00000000e8400000, 0x00000000e8400000, 0x00000000e8500000|  0%| F|  |TAMS 0x00000000e8400000| PB 0x00000000e8400000| Untracked 
| 133|0x00000000e8500000, 0x00000000e8500000, 0x00000000e8600000|  0%| F|  |TAMS 0x00000000e8500000| PB 0x00000000e8500000| Untracked 
| 134|0x00000000e8600000, 0x00000000e8600000, 0x00000000e8700000|  0%| F|  |TAMS 0x00000000e8600000| PB 0x00000000e8600000| Untracked 
| 135|0x00000000e8700000, 0x00000000e8700000, 0x00000000e8800000|  0%| F|  |TAMS 0x00000000e8700000| PB 0x00000000e8700000| Untracked 
| 136|0x00000000e8800000, 0x00000000e8800000, 0x00000000e8900000|  0%| F|  |TAMS 0x00000000e8800000| PB 0x00000000e8800000| Untracked 
| 137|0x00000000e8900000, 0x00000000e8900000, 0x00000000e8a00000|  0%| F|  |TAMS 0x00000000e8900000| PB 0x00000000e8900000| Untracked 
| 138|0x00000000e8a00000, 0x00000000e8a00000, 0x00000000e8b00000|  0%| F|  |TAMS 0x00000000e8a00000| PB 0x00000000e8a00000| Untracked 
| 139|0x00000000e8b00000, 0x00000000e8b00000, 0x00000000e8c00000|  0%| F|  |TAMS 0x00000000e8b00000| PB 0x00000000e8b00000| Untracked 
| 140|0x00000000e8c00000, 0x00000000e8c00000, 0x00000000e8d00000|  0%| F|  |TAMS 0x00000000e8c00000| PB 0x00000000e8c00000| Untracked 
| 141|0x00000000e8d00000, 0x00000000e8d00000, 0x00000000e8e00000|  0%| F|  |TAMS 0x00000000e8d00000| PB 0x00000000e8d00000| Untracked 
| 142|0x00000000e8e00000, 0x00000000e8e00000, 0x00000000e8f00000|  0%| F|  |TAMS 0x00000000e8e00000| PB 0x00000000e8e00000| Untracked 
| 143|0x00000000e8f00000, 0x00000000e8f00000, 0x00000000e9000000|  0%| F|  |TAMS 0x00000000e8f00000| PB 0x00000000e8f00000| Untracked 
| 144|0x00000000e9000000, 0x00000000e9000000, 0x00000000e9100000|  0%| F|  |TAMS 0x00000000e9000000| PB 0x00000000e9000000| Untracked 
| 145|0x00000000e9100000, 0x00000000e9100000, 0x00000000e9200000|  0%| F|  |TAMS 0x00000000e9100000| PB 0x00000000e9100000| Untracked 
| 146|0x00000000e9200000, 0x00000000e9200000, 0x00000000e9300000|  0%| F|  |TAMS 0x00000000e9200000| PB 0x00000000e9200000| Untracked 
| 147|0x00000000e9300000, 0x00000000e9300000, 0x00000000e9400000|  0%| F|  |TAMS 0x00000000e9300000| PB 0x00000000e9300000| Untracked 
| 148|0x00000000e9400000, 0x00000000e9400000, 0x00000000e9500000|  0%| F|  |TAMS 0x00000000e9400000| PB 0x00000000e9400000| Untracked 
| 149|0x00000000e9500000, 0x00000000e9500000, 0x00000000e9600000|  0%| F|  |TAMS 0x00000000e9500000| PB 0x00000000e9500000| Untracked 
| 150|0x00000000e9600000, 0x00000000e9600000, 0x00000000e9700000|  0%| F|  |TAMS 0x00000000e9600000| PB 0x00000000e9600000| Untracked 
| 151|0x00000000e9700000, 0x00000000e9700000, 0x00000000e9800000|  0%| F|  |TAMS 0x00000000e9700000| PB 0x00000000e9700000| Untracked 
| 152|0x00000000e9800000, 0x00000000e9800000, 0x00000000e9900000|  0%| F|  |TAMS 0x00000000e9800000| PB 0x00000000e9800000| Untracked 
| 153|0x00000000e9900000, 0x00000000e9900000, 0x00000000e9a00000|  0%| F|  |TAMS 0x00000000e9900000| PB 0x00000000e9900000| Untracked 
| 154|0x00000000e9a00000, 0x00000000e9a00000, 0x00000000e9b00000|  0%| F|  |TAMS 0x00000000e9a00000| PB 0x00000000e9a00000| Untracked 
| 155|0x00000000e9b00000, 0x00000000e9b00000, 0x00000000e9c00000|  0%| F|  |TAMS 0x00000000e9b00000| PB 0x00000000e9b00000| Untracked 
| 156|0x00000000e9c00000, 0x00000000e9c00000, 0x00000000e9d00000|  0%| F|  |TAMS 0x00000000e9c00000| PB 0x00000000e9c00000| Untracked 
| 157|0x00000000e9d00000, 0x00000000e9d00000, 0x00000000e9e00000|  0%| F|  |TAMS 0x00000000e9d00000| PB 0x00000000e9d00000| Untracked 
| 158|0x00000000e9e00000, 0x00000000e9e00000, 0x00000000e9f00000|  0%| F|  |TAMS 0x00000000e9e00000| PB 0x00000000e9e00000| Untracked 
| 159|0x00000000e9f00000, 0x00000000e9f00000, 0x00000000ea000000|  0%| F|  |TAMS 0x00000000e9f00000| PB 0x00000000e9f00000| Untracked 
| 160|0x00000000ea000000, 0x00000000ea000000, 0x00000000ea100000|  0%| F|  |TAMS 0x00000000ea000000| PB 0x00000000ea000000| Untracked 
| 161|0x00000000ea100000, 0x00000000ea100000, 0x00000000ea200000|  0%| F|  |TAMS 0x00000000ea100000| PB 0x00000000ea100000| Untracked 
| 162|0x00000000ea200000, 0x00000000ea200000, 0x00000000ea300000|  0%| F|  |TAMS 0x00000000ea200000| PB 0x00000000ea200000| Untracked 
| 163|0x00000000ea300000, 0x00000000ea300000, 0x00000000ea400000|  0%| F|  |TAMS 0x00000000ea300000| PB 0x00000000ea300000| Untracked 
| 164|0x00000000ea400000, 0x00000000ea400000, 0x00000000ea500000|  0%| F|  |TAMS 0x00000000ea400000| PB 0x00000000ea400000| Untracked 
| 165|0x00000000ea500000, 0x00000000ea500000, 0x00000000ea600000|  0%| F|  |TAMS 0x00000000ea500000| PB 0x00000000ea500000| Untracked 
| 166|0x00000000ea600000, 0x00000000ea600000, 0x00000000ea700000|  0%| F|  |TAMS 0x00000000ea600000| PB 0x00000000ea600000| Untracked 
| 167|0x00000000ea700000, 0x00000000ea700000, 0x00000000ea800000|  0%| F|  |TAMS 0x00000000ea700000| PB 0x00000000ea700000| Untracked 
| 168|0x00000000ea800000, 0x00000000ea800000, 0x00000000ea900000|  0%| F|  |TAMS 0x00000000ea800000| PB 0x00000000ea800000| Untracked 
| 169|0x00000000ea900000, 0x00000000ea900000, 0x00000000eaa00000|  0%| F|  |TAMS 0x00000000ea900000| PB 0x00000000ea900000| Untracked 
| 170|0x00000000eaa00000, 0x00000000eaa00000, 0x00000000eab00000|  0%| F|  |TAMS 0x00000000eaa00000| PB 0x00000000eaa00000| Untracked 
| 171|0x00000000eab00000, 0x00000000eab00000, 0x00000000eac00000|  0%| F|  |TAMS 0x00000000eab00000| PB 0x00000000eab00000| Untracked 
| 172|0x00000000eac00000, 0x00000000eac00000, 0x00000000ead00000|  0%| F|  |TAMS 0x00000000eac00000| PB 0x00000000eac00000| Untracked 
| 173|0x00000000ead00000, 0x00000000ead00000, 0x00000000eae00000|  0%| F|  |TAMS 0x00000000ead00000| PB 0x00000000ead00000| Untracked 
| 174|0x00000000eae00000, 0x00000000eae00000, 0x00000000eaf00000|  0%| F|  |TAMS 0x00000000eae00000| PB 0x00000000eae00000| Untracked 
| 175|0x00000000eaf00000, 0x00000000eaf00000, 0x00000000eb000000|  0%| F|  |TAMS 0x00000000eaf00000| PB 0x00000000eaf00000| Untracked 
| 176|0x00000000eb000000, 0x00000000eb000000, 0x00000000eb100000|  0%| F|  |TAMS 0x00000000eb000000| PB 0x00000000eb000000| Untracked 
| 177|0x00000000eb100000, 0x00000000eb100000, 0x00000000eb200000|  0%| F|  |TAMS 0x00000000eb100000| PB 0x00000000eb100000| Untracked 
| 178|0x00000000eb200000, 0x00000000eb200000, 0x00000000eb300000|  0%| F|  |TAMS 0x00000000eb200000| PB 0x00000000eb200000| Untracked 
| 179|0x00000000eb300000, 0x00000000eb300000, 0x00000000eb400000|  0%| F|  |TAMS 0x00000000eb300000| PB 0x00000000eb300000| Untracked 
| 180|0x00000000eb400000, 0x00000000eb400000, 0x00000000eb500000|  0%| F|  |TAMS 0x00000000eb400000| PB 0x00000000eb400000| Untracked 
| 181|0x00000000eb500000, 0x00000000eb500000, 0x00000000eb600000|  0%| F|  |TAMS 0x00000000eb500000| PB 0x00000000eb500000| Untracked 
| 182|0x00000000eb600000, 0x00000000eb600000, 0x00000000eb700000|  0%| F|  |TAMS 0x00000000eb600000| PB 0x00000000eb600000| Untracked 
| 183|0x00000000eb700000, 0x00000000eb700000, 0x00000000eb800000|  0%| F|  |TAMS 0x00000000eb700000| PB 0x00000000eb700000| Untracked 
| 184|0x00000000eb800000, 0x00000000eb800000, 0x00000000eb900000|  0%| F|  |TAMS 0x00000000eb800000| PB 0x00000000eb800000| Untracked 
| 185|0x00000000eb900000, 0x00000000eb9ba000, 0x00000000eba00000| 72%| S|CS|TAMS 0x00000000eb900000| PB 0x00000000eb900000| Complete 
| 186|0x00000000eba00000, 0x00000000ebb00000, 0x00000000ebb00000|100%| S|CS|TAMS 0x00000000eba00000| PB 0x00000000eba00000| Complete 
| 187|0x00000000ebb00000, 0x00000000ebc00000, 0x00000000ebc00000|100%| S|CS|TAMS 0x00000000ebb00000| PB 0x00000000ebb00000| Complete 
| 188|0x00000000ebc00000, 0x00000000ebd00000, 0x00000000ebd00000|100%| S|CS|TAMS 0x00000000ebc00000| PB 0x00000000ebc00000| Complete 
| 189|0x00000000ebd00000, 0x00000000ebd00000, 0x00000000ebe00000|  0%| F|  |TAMS 0x00000000ebd00000| PB 0x00000000ebd00000| Untracked 
| 190|0x00000000ebe00000, 0x00000000ebe00000, 0x00000000ebf00000|  0%| F|  |TAMS 0x00000000ebe00000| PB 0x00000000ebe00000| Untracked 
| 191|0x00000000ebf00000, 0x00000000ebf00000, 0x00000000ec000000|  0%| F|  |TAMS 0x00000000ebf00000| PB 0x00000000ebf00000| Untracked 
| 192|0x00000000ec000000, 0x00000000ec000000, 0x00000000ec100000|  0%| F|  |TAMS 0x00000000ec000000| PB 0x00000000ec000000| Untracked 
| 193|0x00000000ec100000, 0x00000000ec100000, 0x00000000ec200000|  0%| F|  |TAMS 0x00000000ec100000| PB 0x00000000ec100000| Untracked 
| 194|0x00000000ec200000, 0x00000000ec200000, 0x00000000ec300000|  0%| F|  |TAMS 0x00000000ec200000| PB 0x00000000ec200000| Untracked 
| 195|0x00000000ec300000, 0x00000000ec300000, 0x00000000ec400000|  0%| F|  |TAMS 0x00000000ec300000| PB 0x00000000ec300000| Untracked 
| 196|0x00000000ec400000, 0x00000000ec400000, 0x00000000ec500000|  0%| F|  |TAMS 0x00000000ec400000| PB 0x00000000ec400000| Untracked 
| 197|0x00000000ec500000, 0x00000000ec500000, 0x00000000ec600000|  0%| F|  |TAMS 0x00000000ec500000| PB 0x00000000ec500000| Untracked 
| 198|0x00000000ec600000, 0x00000000ec600000, 0x00000000ec700000|  0%| F|  |TAMS 0x00000000ec600000| PB 0x00000000ec600000| Untracked 
| 199|0x00000000ec700000, 0x00000000ec700000, 0x00000000ec800000|  0%| F|  |TAMS 0x00000000ec700000| PB 0x00000000ec700000| Untracked 
| 200|0x00000000ec800000, 0x00000000ec800000, 0x00000000ec900000|  0%| F|  |TAMS 0x00000000ec800000| PB 0x00000000ec800000| Untracked 
| 201|0x00000000ec900000, 0x00000000ec900000, 0x00000000eca00000|  0%| F|  |TAMS 0x00000000ec900000| PB 0x00000000ec900000| Untracked 
| 202|0x00000000eca00000, 0x00000000eca00000, 0x00000000ecb00000|  0%| F|  |TAMS 0x00000000eca00000| PB 0x00000000eca00000| Untracked 
| 203|0x00000000ecb00000, 0x00000000ecb00000, 0x00000000ecc00000|  0%| F|  |TAMS 0x00000000ecb00000| PB 0x00000000ecb00000| Untracked 
| 204|0x00000000ecc00000, 0x00000000ecc00000, 0x00000000ecd00000|  0%| F|  |TAMS 0x00000000ecc00000| PB 0x00000000ecc00000| Untracked 
| 205|0x00000000ecd00000, 0x00000000ecd00000, 0x00000000ece00000|  0%| F|  |TAMS 0x00000000ecd00000| PB 0x00000000ecd00000| Untracked 
| 206|0x00000000ece00000, 0x00000000ece00000, 0x00000000ecf00000|  0%| F|  |TAMS 0x00000000ece00000| PB 0x00000000ece00000| Untracked 
| 207|0x00000000ecf00000, 0x00000000ecf00000, 0x00000000ed000000|  0%| F|  |TAMS 0x00000000ecf00000| PB 0x00000000ecf00000| Untracked 
| 208|0x00000000ed000000, 0x00000000ed000000, 0x00000000ed100000|  0%| F|  |TAMS 0x00000000ed000000| PB 0x00000000ed000000| Untracked 
| 209|0x00000000ed100000, 0x00000000ed100000, 0x00000000ed200000|  0%| F|  |TAMS 0x00000000ed100000| PB 0x00000000ed100000| Untracked 
| 210|0x00000000ed200000, 0x00000000ed200000, 0x00000000ed300000|  0%| F|  |TAMS 0x00000000ed200000| PB 0x00000000ed200000| Untracked 
| 211|0x00000000ed300000, 0x00000000ed300000, 0x00000000ed400000|  0%| F|  |TAMS 0x00000000ed300000| PB 0x00000000ed300000| Untracked 
| 212|0x00000000ed400000, 0x00000000ed400000, 0x00000000ed500000|  0%| F|  |TAMS 0x00000000ed400000| PB 0x00000000ed400000| Untracked 
| 213|0x00000000ed500000, 0x00000000ed500000, 0x00000000ed600000|  0%| F|  |TAMS 0x00000000ed500000| PB 0x00000000ed500000| Untracked 
| 214|0x00000000ed600000, 0x00000000ed600000, 0x00000000ed700000|  0%| F|  |TAMS 0x00000000ed600000| PB 0x00000000ed600000| Untracked 
| 215|0x00000000ed700000, 0x00000000ed700000, 0x00000000ed800000|  0%| F|  |TAMS 0x00000000ed700000| PB 0x00000000ed700000| Untracked 
| 216|0x00000000ed800000, 0x00000000ed800000, 0x00000000ed900000|  0%| F|  |TAMS 0x00000000ed800000| PB 0x00000000ed800000| Untracked 
| 217|0x00000000ed900000, 0x00000000ed900000, 0x00000000eda00000|  0%| F|  |TAMS 0x00000000ed900000| PB 0x00000000ed900000| Untracked 
| 218|0x00000000eda00000, 0x00000000eda00000, 0x00000000edb00000|  0%| F|  |TAMS 0x00000000eda00000| PB 0x00000000eda00000| Untracked 
| 219|0x00000000edb00000, 0x00000000edb00000, 0x00000000edc00000|  0%| F|  |TAMS 0x00000000edb00000| PB 0x00000000edb00000| Untracked 
| 220|0x00000000edc00000, 0x00000000edc00000, 0x00000000edd00000|  0%| F|  |TAMS 0x00000000edc00000| PB 0x00000000edc00000| Untracked 
| 221|0x00000000edd00000, 0x00000000edd00000, 0x00000000ede00000|  0%| F|  |TAMS 0x00000000edd00000| PB 0x00000000edd00000| Untracked 
| 222|0x00000000ede00000, 0x00000000ede621b0, 0x00000000edf00000| 38%| E|  |TAMS 0x00000000ede00000| PB 0x00000000ede00000| Complete 
| 223|0x00000000edf00000, 0x00000000ee000000, 0x00000000ee000000|100%| E|CS|TAMS 0x00000000edf00000| PB 0x00000000edf00000| Complete 
| 224|0x00000000ee000000, 0x00000000ee100000, 0x00000000ee100000|100%| E|CS|TAMS 0x00000000ee000000| PB 0x00000000ee000000| Complete 
| 225|0x00000000ee100000, 0x00000000ee200000, 0x00000000ee200000|100%| E|CS|TAMS 0x00000000ee100000| PB 0x00000000ee100000| Complete 
| 226|0x00000000ee200000, 0x00000000ee300000, 0x00000000ee300000|100%| E|CS|TAMS 0x00000000ee200000| PB 0x00000000ee200000| Complete 
| 227|0x00000000ee300000, 0x00000000ee400000, 0x00000000ee400000|100%| E|CS|TAMS 0x00000000ee300000| PB 0x00000000ee300000| Complete 
| 228|0x00000000ee400000, 0x00000000ee500000, 0x00000000ee500000|100%| E|CS|TAMS 0x00000000ee400000| PB 0x00000000ee400000| Complete 
| 229|0x00000000ee500000, 0x00000000ee600000, 0x00000000ee600000|100%| E|CS|TAMS 0x00000000ee500000| PB 0x00000000ee500000| Complete 
| 230|0x00000000ee600000, 0x00000000ee700000, 0x00000000ee700000|100%| E|CS|TAMS 0x00000000ee600000| PB 0x00000000ee600000| Complete 
| 231|0x00000000ee700000, 0x00000000ee800000, 0x00000000ee800000|100%| E|CS|TAMS 0x00000000ee700000| PB 0x00000000ee700000| Complete 
| 232|0x00000000ee800000, 0x00000000ee900000, 0x00000000ee900000|100%| E|CS|TAMS 0x00000000ee800000| PB 0x00000000ee800000| Complete 
| 233|0x00000000ee900000, 0x00000000eea00000, 0x00000000eea00000|100%| E|CS|TAMS 0x00000000ee900000| PB 0x00000000ee900000| Complete 
| 234|0x00000000eea00000, 0x00000000eeb00000, 0x00000000eeb00000|100%| E|CS|TAMS 0x00000000eea00000| PB 0x00000000eea00000| Complete 
| 235|0x00000000eeb00000, 0x00000000eec00000, 0x00000000eec00000|100%| E|CS|TAMS 0x00000000eeb00000| PB 0x00000000eeb00000| Complete 
| 236|0x00000000eec00000, 0x00000000eed00000, 0x00000000eed00000|100%| E|CS|TAMS 0x00000000eec00000| PB 0x00000000eec00000| Complete 
| 237|0x00000000eed00000, 0x00000000eee00000, 0x00000000eee00000|100%| E|CS|TAMS 0x00000000eed00000| PB 0x00000000eed00000| Complete 
| 238|0x00000000eee00000, 0x00000000eef00000, 0x00000000eef00000|100%| E|CS|TAMS 0x00000000eee00000| PB 0x00000000eee00000| Complete 
| 239|0x00000000eef00000, 0x00000000ef000000, 0x00000000ef000000|100%| E|CS|TAMS 0x00000000eef00000| PB 0x00000000eef00000| Complete 
| 240|0x00000000ef000000, 0x00000000ef100000, 0x00000000ef100000|100%| E|CS|TAMS 0x00000000ef000000| PB 0x00000000ef000000| Complete 
| 241|0x00000000ef100000, 0x00000000ef200000, 0x00000000ef200000|100%| E|CS|TAMS 0x00000000ef100000| PB 0x00000000ef100000| Complete 
| 242|0x00000000ef200000, 0x00000000ef300000, 0x00000000ef300000|100%| E|CS|TAMS 0x00000000ef200000| PB 0x00000000ef200000| Complete 
| 243|0x00000000ef300000, 0x00000000ef400000, 0x00000000ef400000|100%| E|CS|TAMS 0x00000000ef300000| PB 0x00000000ef300000| Complete 
| 244|0x00000000ef400000, 0x00000000ef500000, 0x00000000ef500000|100%| E|CS|TAMS 0x00000000ef400000| PB 0x00000000ef400000| Complete 
| 245|0x00000000ef500000, 0x00000000ef600000, 0x00000000ef600000|100%| E|CS|TAMS 0x00000000ef500000| PB 0x00000000ef500000| Complete 
| 246|0x00000000ef600000, 0x00000000ef700000, 0x00000000ef700000|100%| E|CS|TAMS 0x00000000ef600000| PB 0x00000000ef600000| Complete 
| 247|0x00000000ef700000, 0x00000000ef800000, 0x00000000ef800000|100%| E|CS|TAMS 0x00000000ef700000| PB 0x00000000ef700000| Complete 
| 248|0x00000000ef800000, 0x00000000ef900000, 0x00000000ef900000|100%| E|CS|TAMS 0x00000000ef800000| PB 0x00000000ef800000| Complete 
| 249|0x00000000ef900000, 0x00000000efa00000, 0x00000000efa00000|100%| E|CS|TAMS 0x00000000ef900000| PB 0x00000000ef900000| Complete 
| 250|0x00000000efa00000, 0x00000000efb00000, 0x00000000efb00000|100%| E|CS|TAMS 0x00000000efa00000| PB 0x00000000efa00000| Complete 
| 251|0x00000000efb00000, 0x00000000efc00000, 0x00000000efc00000|100%| E|CS|TAMS 0x00000000efb00000| PB 0x00000000efb00000| Complete 
| 252|0x00000000efc00000, 0x00000000efd00000, 0x00000000efd00000|100%| E|CS|TAMS 0x00000000efc00000| PB 0x00000000efc00000| Complete 
| 253|0x00000000efd00000, 0x00000000efe00000, 0x00000000efe00000|100%| E|CS|TAMS 0x00000000efd00000| PB 0x00000000efd00000| Complete 

Card table byte_map: [0x000001b121950000,0x000001b121a50000] _byte_map_base: 0x000001b121250000

Marking Bits: (CMBitMap*) 0x000001b109b93b20
 Bits: [0x000001b121a50000, 0x000001b122250000)

Polling page: 0x000001b107860000

Metaspace:

Usage:
  Non-class:     11.21 MB used.
      Class:      1.49 MB used.
       Both:     12.70 MB used.

Virtual space:
  Non-class space:       64.00 MB reserved,      11.38 MB ( 18%) committed,  1 nodes.
      Class space:        1.00 GB reserved,       1.69 MB ( <1%) committed,  1 nodes.
             Both:        1.06 GB reserved,      13.06 MB (  1%) committed. 

Chunk freelists:
   Non-Class:  4.57 MB
       Class:  14.37 MB
        Both:  18.94 MB

MaxMetaspaceSize: unlimited
CompressedClassSpaceSize: 1.00 GB
Initial GC threshold: 21.00 MB
Current GC threshold: 21.00 MB
CDS: on
 - commit_granule_bytes: 65536.
 - commit_granule_words: 8192.
 - virtual_space_node_default_size: 8388608.
 - enlarge_chunks_in_place: 1.
 - use_allocation_guard: 0.


Internal statistics:

num_allocs_failed_limit: 0.
num_arena_births: 346.
num_arena_deaths: 0.
num_vsnodes_births: 2.
num_vsnodes_deaths: 0.
num_space_committed: 209.
num_space_uncommitted: 0.
num_chunks_returned_to_freelist: 0.
num_chunks_taken_from_freelist: 794.
num_chunk_merges: 0.
num_chunk_splits: 464.
num_chunks_enlarged: 285.
num_inconsistent_stats: 0.

CodeHeap 'non-profiled nmethods': size=119168Kb used=1995Kb max_used=1995Kb free=117172Kb
 bounds [0x000001b119b70000, 0x000001b119de0000, 0x000001b120fd0000]
CodeHeap 'profiled nmethods': size=119104Kb used=8061Kb max_used=8061Kb free=111042Kb
 bounds [0x000001b111fd0000, 0x000001b1127b0000, 0x000001b119420000]
CodeHeap 'non-nmethods': size=7488Kb used=3081Kb max_used=3141Kb free=4406Kb
 bounds [0x000001b119420000, 0x000001b119740000, 0x000001b119b70000]
 total_blobs=4015 nmethods=3527 adapters=389
 compilation: enabled
              stopped_count=0, restarted_count=0
 full_count=0

Compilation events (20 events):
Event: 1.227 Thread 0x000001b125445500 3541       3       org.gradle.api.internal.tasks.testing.AbstractTestDescriptor::$jacocoInit (52 bytes)
Event: 1.227 Thread 0x000001b16b4ad620 nmethod 3539 0x000001b11279e890 code [0x000001b11279ea60, 0x000001b11279ef58]
Event: 1.227 Thread 0x000001b12536ad40 nmethod 3540 0x000001b11279f090 code [0x000001b11279f240, 0x000001b11279f460]
Event: 1.227 Thread 0x000001b16b4af160 3542       3       java.lang.reflect.AccessibleObject::checkPermission (16 bytes)
Event: 1.227 Thread 0x000001b125445500 nmethod 3541 0x000001b11279f510 code [0x000001b11279f720, 0x000001b1127a0090]
Event: 1.227 Thread 0x000001b16b4af160 nmethod 3542 0x000001b1127a0290 code [0x000001b1127a0440, 0x000001b1127a0610]
Event: 1.228 Thread 0x000001b125445500 3543       3       org.junit.platform.launcher.TestIdentifier::getParentId (22 bytes)
Event: 1.228 Thread 0x000001b12536ad40 3544       3       java.io.OutputStream::flush (1 bytes)
Event: 1.228 Thread 0x000001b12536ad40 nmethod 3544 0x000001b1127a0710 code [0x000001b1127a08a0, 0x000001b1127a09a8]
Event: 1.229 Thread 0x000001b16b4ad620 3545       3       org.gradle.internal.serialize.ExceptionReplacingObjectOutputStream$2::$jacocoInit (51 bytes)
Event: 1.229 Thread 0x000001b125445500 nmethod 3543 0x000001b1127a0a10 code [0x000001b1127a0c60, 0x000001b1127a15a0]
Event: 1.229 Thread 0x000001b16b4ad620 nmethod 3545 0x000001b1127a1910 code [0x000001b1127a1b20, 0x000001b1127a2490]
Event: 1.229 Thread 0x000001b12536ad40 3546       3       org.junit.jupiter.engine.execution.JupiterEngineExecutionContext::getExtensionRegistry (17 bytes)
Event: 1.229 Thread 0x000001b12536ad40 nmethod 3546 0x000001b1127a2690 code [0x000001b1127a2840, 0x000001b1127a29b8]
Event: 1.229 Thread 0x000001b16b4af160 3547       3       java.lang.Throwable::getStackTrace (11 bytes)
Event: 1.230 Thread 0x000001b12536ad40 3548       3       org.junit.jupiter.engine.execution.JupiterEngineExecutionContext::getThrowableCollector (17 bytes)
Event: 1.230 Thread 0x000001b125364b30 nmethod 3508 0x000001b119d5f810 code [0x000001b119d5f9c0, 0x000001b119d5fcf8]
Event: 1.230 Thread 0x000001b16b4af160 nmethod 3547 0x000001b1127a2b10 code [0x000001b1127a2ce0, 0x000001b1127a2fd8]
Event: 1.230 Thread 0x000001b16b4ad620 3549       3       java.io.ObjectOutputStream$BlockDataOutputStream::flush (12 bytes)
Event: 1.230 Thread 0x000001b12536ad40 nmethod 3548 0x000001b1127a3110 code [0x000001b1127a32c0, 0x000001b1127a3438]

GC Heap History (6 events):
Event: 0.291 GC heap before
{Heap before GC invocations=0 (full 0):
 garbage-first heap   total 260096K, used 23552K [0x00000000e0000000, 0x0000000100000000)
  region size 1024K, 23 young (23552K), 0 survivors (0K)
 Metaspace       used 3628K, committed 3840K, reserved 1114112K
  class space    used 332K, committed 448K, reserved 1048576K
}
Event: 0.294 GC heap after
{Heap after GC invocations=1 (full 0):
 garbage-first heap   total 260096K, used 7483K [0x00000000e0000000, 0x0000000100000000)
  region size 1024K, 3 young (3072K), 3 survivors (3072K)
 Metaspace       used 3628K, committed 3840K, reserved 1114112K
  class space    used 332K, committed 448K, reserved 1048576K
}
Event: 0.515 GC heap before
{Heap before GC invocations=1 (full 0):
 garbage-first heap   total 260096K, used 36155K [0x00000000e0000000, 0x0000000100000000)
  region size 1024K, 31 young (31744K), 3 survivors (3072K)
 Metaspace       used 6841K, committed 7040K, reserved 1114112K
  class space    used 738K, committed 832K, reserved 1048576K
}
Event: 0.518 GC heap after
{Heap after GC invocations=2 (full 0):
 garbage-first heap   total 260096K, used 9636K [0x00000000e0000000, 0x0000000100000000)
  region size 1024K, 3 young (3072K), 3 survivors (3072K)
 Metaspace       used 6841K, committed 7040K, reserved 1114112K
  class space    used 738K, committed 832K, reserved 1048576K
}
Event: 0.962 GC heap before
{Heap before GC invocations=2 (full 0):
 garbage-first heap   total 260096K, used 73124K [0x00000000e0000000, 0x0000000100000000)
  region size 1024K, 65 young (66560K), 3 survivors (3072K)
 Metaspace       used 11462K, committed 11776K, reserved 1114112K
  class space    used 1346K, committed 1536K, reserved 1048576K
}
Event: 0.964 GC heap after
{Heap after GC invocations=3 (full 0):
 garbage-first heap   total 260096K, used 11167K [0x00000000e0000000, 0x0000000100000000)
  region size 1024K, 4 young (4096K), 4 survivors (4096K)
 Metaspace       used 11462K, committed 11776K, reserved 1114112K
  class space    used 1346K, committed 1536K, reserved 1048576K
}

Dll operation events (11 events):
Event: 0.004 Loaded shared library C:\Program Files\Java\jdk-21\bin\java.dll
Event: 0.020 Loaded shared library C:\Program Files\Java\jdk-21\bin\jsvml.dll
Event: 0.067 Loaded shared library C:\Program Files\Java\jdk-21\bin\zip.dll
Event: 0.069 Loaded shared library C:\Program Files\Java\jdk-21\bin\instrument.dll
Event: 0.070 Loaded shared library C:\Program Files\Java\jdk-21\bin\net.dll
Event: 0.071 Loaded shared library C:\Program Files\Java\jdk-21\bin\nio.dll
Event: 0.075 Loaded shared library C:\Program Files\Java\jdk-21\bin\zip.dll
Event: 0.108 Loaded shared library C:\Program Files\Java\jdk-21\bin\verify.dll
Event: 0.122 Loaded shared library C:\Program Files\Java\jdk-21\bin\jimage.dll
Event: 0.429 Loaded shared library C:\Program Files\Java\jdk-21\bin\extnet.dll
Event: 0.521 Loaded shared library C:\Program Files\Java\jdk-21\bin\sunmscapi.dll

Deoptimization events (20 events):
Event: 1.173 Thread 0x000001b109b67d00 DEOPT PACKING pc=0x000001b119d541e4 sp=0x0000008d496fca10
Event: 1.173 Thread 0x000001b109b67d00 DEOPT UNPACKING pc=0x000001b1194746a2 sp=0x0000008d496fc9b0 mode 2
Event: 1.173 Thread 0x000001b109b67d00 Uncommon trap: trap_request=0xffffffd6 fr.pc=0x000001b119d541e4 relative=0x00000000000003a4
Event: 1.173 Thread 0x000001b109b67d00 Uncommon trap: reason=array_check action=maybe_recompile pc=0x000001b119d541e4 method=java.util.LinkedHashMap.valuesToArray([Ljava/lang/Object;Z)[Ljava/lang/Object; @ 67 c2
Event: 1.173 Thread 0x000001b109b67d00 DEOPT PACKING pc=0x000001b119d541e4 sp=0x0000008d496fcc40
Event: 1.173 Thread 0x000001b109b67d00 DEOPT UNPACKING pc=0x000001b1194746a2 sp=0x0000008d496fcbe0 mode 2
Event: 1.201 Thread 0x000001b16bdb8710 DEOPT PACKING pc=0x000001b11274c7c6 sp=0x0000008d4b8fe5a0
Event: 1.201 Thread 0x000001b16bdb8710 DEOPT UNPACKING pc=0x000001b119474e42 sp=0x0000008d4b8fda70 mode 0
Event: 1.207 Thread 0x000001b16bdb8710 DEOPT PACKING pc=0x000001b11274c7c6 sp=0x0000008d4b8fe5a0
Event: 1.207 Thread 0x000001b16bdb8710 DEOPT UNPACKING pc=0x000001b119474e42 sp=0x0000008d4b8fda70 mode 0
Event: 1.211 Thread 0x000001b16bdb8710 DEOPT PACKING pc=0x000001b11274c7c6 sp=0x0000008d4b8fe5a0
Event: 1.211 Thread 0x000001b16bdb8710 DEOPT UNPACKING pc=0x000001b119474e42 sp=0x0000008d4b8fda70 mode 0
Event: 1.216 Thread 0x000001b16bdb8710 DEOPT PACKING pc=0x000001b11274c7c6 sp=0x0000008d4b8fe5a0
Event: 1.216 Thread 0x000001b16bdb8710 DEOPT UNPACKING pc=0x000001b119474e42 sp=0x0000008d4b8fda70 mode 0
Event: 1.219 Thread 0x000001b16bdb8710 DEOPT PACKING pc=0x000001b11274c7c6 sp=0x0000008d4b8fe5a0
Event: 1.219 Thread 0x000001b16bdb8710 DEOPT UNPACKING pc=0x000001b119474e42 sp=0x0000008d4b8fda70 mode 0
Event: 1.222 Thread 0x000001b16bdb8710 DEOPT PACKING pc=0x000001b11274c7c6 sp=0x0000008d4b8fe5a0
Event: 1.222 Thread 0x000001b16bdb8710 DEOPT UNPACKING pc=0x000001b119474e42 sp=0x0000008d4b8fda70 mode 0
Event: 1.227 Thread 0x000001b16bdb8710 DEOPT PACKING pc=0x000001b11274c7c6 sp=0x0000008d4b8fe5a0
Event: 1.227 Thread 0x000001b16bdb8710 DEOPT UNPACKING pc=0x000001b119474e42 sp=0x0000008d4b8fda70 mode 0

Classes loaded (20 events):
Event: 1.106 Loading class jdk/internal/access/JavaIOPrintWriterAccess done
Event: 1.106 Loading class java/io/PrintWriter$1 done
Event: 1.106 Loading class java/lang/Throwable$WrappedPrintWriter
Event: 1.106 Loading class java/lang/Throwable$PrintStreamOrWriter
Event: 1.106 Loading class java/lang/Throwable$PrintStreamOrWriter done
Event: 1.106 Loading class java/lang/Throwable$WrappedPrintWriter done
Event: 1.106 Loading class java/lang/StackTraceElement$HashedModules
Event: 1.106 Loading class java/lang/StackTraceElement$HashedModules done
Event: 1.110 Loading class java/io/ObjectOutputStream$BlockDataOutputStream
Event: 1.110 Loading class java/io/ObjectOutputStream$BlockDataOutputStream done
Event: 1.110 Loading class java/io/ObjectOutputStream$HandleTable
Event: 1.110 Loading class java/io/ObjectOutputStream$HandleTable done
Event: 1.110 Loading class java/io/ObjectOutputStream$ReplaceTable
Event: 1.110 Loading class java/io/ObjectOutputStream$ReplaceTable done
Event: 1.119 Loading class java/nio/charset/CharacterCodingException
Event: 1.119 Loading class java/nio/charset/CharacterCodingException done
Event: 1.126 Loading class java/util/function/UnaryOperator
Event: 1.126 Loading class java/util/function/UnaryOperator done
Event: 1.132 Loading class java/util/Collections$EmptyListIterator
Event: 1.133 Loading class java/util/Collections$EmptyListIterator done

Classes unloaded (0 events):
No events

Classes redefined (0 events):
No events

Internal exceptions (20 events):
Event: 1.143 Thread 0x000001b109b67d00 Exception <a 'java/lang/NullPointerException'{0x00000000ee8695f8}> (0x00000000ee8695f8) 
thrown [s\open\src\hotspot\share\interpreter\linkResolver.cpp, line 1456]
Event: 1.146 Thread 0x000001b109b67d00 Exception <a 'java/lang/NullPointerException'{0x00000000ee8db700}> (0x00000000ee8db700) 
thrown [s\open\src\hotspot\share\interpreter\linkResolver.cpp, line 1456]
Event: 1.149 Thread 0x000001b109b67d00 Exception <a 'java/lang/NullPointerException'{0x00000000ee78d258}> (0x00000000ee78d258) 
thrown [s\open\src\hotspot\share\interpreter\linkResolver.cpp, line 1456]
Event: 1.153 Thread 0x000001b109b67d00 Exception <a 'java/lang/NullPointerException'{0x00000000ee7bc658}> (0x00000000ee7bc658) 
thrown [s\open\src\hotspot\share\interpreter\linkResolver.cpp, line 1456]
Event: 1.157 Thread 0x000001b109b67d00 Exception <a 'java/lang/NullPointerException'{0x00000000ee7eba38}> (0x00000000ee7eba38) 
thrown [s\open\src\hotspot\share\interpreter\linkResolver.cpp, line 1456]
Event: 1.159 Thread 0x000001b109b67d00 Exception <a 'java/lang/NullPointerException'{0x00000000ee67c7d0}> (0x00000000ee67c7d0) 
thrown [s\open\src\hotspot\share\interpreter\linkResolver.cpp, line 1456]
Event: 1.162 Thread 0x000001b109b67d00 Exception <a 'java/lang/NullPointerException'{0x00000000ee6abd00}> (0x00000000ee6abd00) 
thrown [s\open\src\hotspot\share\interpreter\linkResolver.cpp, line 1456]
Event: 1.164 Thread 0x000001b109b67d00 Exception <a 'java/lang/NullPointerException'{0x00000000ee6db3e0}> (0x00000000ee6db3e0) 
thrown [s\open\src\hotspot\share\interpreter\linkResolver.cpp, line 1456]
Event: 1.167 Thread 0x000001b109b67d00 Exception <a 'java/lang/NullPointerException'{0x00000000ee5cd230}> (0x00000000ee5cd230) 
thrown [s\open\src\hotspot\share\interpreter\linkResolver.cpp, line 1456]
Event: 1.170 Thread 0x000001b109b67d00 Exception <a 'java/lang/NullPointerException'{0x00000000ee5fc658}> (0x00000000ee5fc658) 
thrown [s\open\src\hotspot\share\interpreter\linkResolver.cpp, line 1456]
Event: 1.176 Thread 0x000001b109b67d00 Exception <a 'java/lang/NullPointerException'{0x00000000ee48d758}> (0x00000000ee48d758) 
thrown [s\open\src\hotspot\share\interpreter\linkResolver.cpp, line 1456]
Event: 1.180 Thread 0x000001b109b67d00 Exception <a 'java/lang/NullPointerException'{0x00000000ee4bcb48}> (0x00000000ee4bcb48) 
thrown [s\open\src\hotspot\share\interpreter\linkResolver.cpp, line 1456]
Event: 1.182 Thread 0x000001b109b67d00 Exception <a 'java/lang/NullPointerException'{0x00000000ee36c5f8}> (0x00000000ee36c5f8) 
thrown [s\open\src\hotspot\share\interpreter\linkResolver.cpp, line 1456]
Event: 1.188 Thread 0x000001b109b67d00 Exception <a 'java/lang/NullPointerException'{0x00000000ee39bbb0}> (0x00000000ee39bbb0) 
thrown [s\open\src\hotspot\share\interpreter\linkResolver.cpp, line 1456]
Event: 1.192 Thread 0x000001b109b67d00 Exception <a 'java/lang/NullPointerException'{0x00000000ee3cafe8}> (0x00000000ee3cafe8) 
thrown [s\open\src\hotspot\share\interpreter\linkResolver.cpp, line 1456]
Event: 1.201 Thread 0x000001b109b67d00 Exception <a 'java/lang/NullPointerException'{0x00000000ee25ca10}> (0x00000000ee25ca10) 
thrown [s\open\src\hotspot\share\interpreter\linkResolver.cpp, line 1456]
Event: 1.217 Thread 0x000001b109b67d00 Exception <a 'java/lang/NullPointerException'{0x00000000ee16b310}> (0x00000000ee16b310) 
thrown [s\open\src\hotspot\share\interpreter\linkResolver.cpp, line 1456]
Event: 1.220 Thread 0x000001b109b67d00 Exception <a 'java/lang/NullPointerException'{0x00000000ee19a668}> (0x00000000ee19a668) 
thrown [s\open\src\hotspot\share\interpreter\linkResolver.cpp, line 1456]
Event: 1.225 Thread 0x000001b109b67d00 Exception <a 'java/lang/NullPointerException'{0x00000000ee1c9980}> (0x00000000ee1c9980) 
thrown [s\open\src\hotspot\share\interpreter\linkResolver.cpp, line 1456]
Event: 1.229 Thread 0x000001b109b67d00 Exception <a 'java/lang/NullPointerException'{0x00000000ee0b7280}> (0x00000000ee0b7280) 
thrown [s\open\src\hotspot\share\interpreter\linkResolver.cpp, line 1456]

ZGC Phase Switch (0 events):
No events

VM Operations (20 events):
Event: 0.594 Executing VM operation: HandshakeAllThreads (Deoptimize)
Event: 0.594 Executing VM operation: HandshakeAllThreads (Deoptimize) done
Event: 0.626 Executing VM operation: ICBufferFull
Event: 0.626 Executing VM operation: ICBufferFull done
Event: 0.716 Executing VM operation: HandshakeAllThreads (Deoptimize)
Event: 0.716 Executing VM operation: HandshakeAllThreads (Deoptimize) done
Event: 0.716 Executing VM operation: HandshakeAllThreads (Deoptimize)
Event: 0.716 Executing VM operation: HandshakeAllThreads (Deoptimize) done
Event: 0.777 Executing VM operation: ICBufferFull
Event: 0.777 Executing VM operation: ICBufferFull done
Event: 0.847 Executing VM operation: HandshakeAllThreads (Deoptimize)
Event: 0.847 Executing VM operation: HandshakeAllThreads (Deoptimize) done
Event: 0.917 Executing VM operation: ICBufferFull
Event: 0.917 Executing VM operation: ICBufferFull done
Event: 0.927 Executing VM operation: HandshakeAllThreads (Deoptimize)
Event: 0.927 Executing VM operation: HandshakeAllThreads (Deoptimize) done
Event: 0.962 Executing VM operation: G1CollectForAllocation (G1 Evacuation Pause)
Event: 0.964 Executing VM operation: G1CollectForAllocation (G1 Evacuation Pause) done
Event: 1.203 Executing VM operation: ICBufferFull
Event: 1.203 Executing VM operation: ICBufferFull done

Events (20 events):
Event: 0.019 Thread 0x000001b1253561c0 Thread added: 0x000001b1253561c0
Event: 0.019 Thread 0x000001b125358e90 Thread added: 0x000001b125358e90
Event: 0.020 Thread 0x000001b125359d80 Thread added: 0x000001b125359d80
Event: 0.020 Thread 0x000001b125364b30 Thread added: 0x000001b125364b30
Event: 0.020 Thread 0x000001b12536ad40 Thread added: 0x000001b12536ad40
Event: 0.023 Thread 0x000001b125445500 Thread added: 0x000001b125445500
Event: 0.059 Thread 0x000001b1254f17b0 Thread added: 0x000001b1254f17b0
Event: 0.065 Thread 0x000001b12550d090 Thread added: 0x000001b12550d090
Event: 0.164 Thread 0x000001b125b43a40 Thread added: 0x000001b125b43a40
Event: 0.174 Thread 0x000001b125c8c120 Thread added: 0x000001b125c8c120
Event: 0.198 Thread 0x000001b16b4ad620 Thread added: 0x000001b16b4ad620
Event: 0.198 Thread 0x000001b16b4af160 Thread added: 0x000001b16b4af160
Event: 0.482 Thread 0x000001b16be782b0 Thread added: 0x000001b16be782b0
Event: 0.550 Thread 0x000001b16bdb8710 Thread added: 0x000001b16bdb8710
Event: 0.550 Thread 0x000001b16cf689d0 Thread added: 0x000001b16cf689d0
Event: 0.559 Thread 0x000001b16b4adcf0 Thread added: 0x000001b16b4adcf0
Event: 0.787 Thread 0x000001b16b4aff00 Thread added: 0x000001b16b4aff00
Event: 1.140 Thread 0x000001b16b4af830 Thread added: 0x000001b16b4af830
Event: 1.140 Thread 0x000001b16b4b05d0 Thread added: 0x000001b16b4b05d0
Event: 1.143 Thread 0x000001b16b4acf50 Thread added: 0x000001b16b4acf50


Dynamic libraries:
0x00007ff68ca70000 - 0x00007ff68ca80000 	C:\Program Files\Java\jdk-21\bin\java.exe
0x00007ff81bb70000 - 0x00007ff81bd87000 	C:\Windows\SYSTEM32\ntdll.dll
0x00007ff81a560000 - 0x00007ff81a624000 	C:\Windows\System32\KERNEL32.DLL
0x00007ff818f80000 - 0x00007ff819327000 	C:\Windows\System32\KERNELBASE.dll
0x00007ff8194f0000 - 0x00007ff819601000 	C:\Windows\System32\ucrtbase.dll
0x00007fffb6c40000 - 0x00007fffb6c59000 	C:\Program Files\Java\jdk-21\bin\jli.dll
0x00007fffb7900000 - 0x00007fffb791b000 	C:\Program Files\Java\jdk-21\bin\VCRUNTIME140.dll
0x00007ff819be0000 - 0x00007ff819c92000 	C:\Windows\System32\ADVAPI32.dll
0x00007ff81ba80000 - 0x00007ff81bb27000 	C:\Windows\System32\msvcrt.dll
0x00007ff819ab0000 - 0x00007ff819b58000 	C:\Windows\System32\sechost.dll
0x00007ff8194c0000 - 0x00007ff8194e8000 	C:\Windows\System32\bcrypt.dll
0x00007ff8198e0000 - 0x00007ff8199f5000 	C:\Windows\System32\RPCRT4.dll
0x00007ff81b260000 - 0x00007ff81b40e000 	C:\Windows\System32\USER32.dll
0x00007ff818e90000 - 0x00007ff818eb6000 	C:\Windows\System32\win32u.dll
0x00007ff808d90000 - 0x00007ff809023000 	C:\Windows\WinSxS\amd64_microsoft.windows.common-controls_6595b64144ccf1df_6.0.22621.3527_none_270e469b73872a76\COMCTL32.dll
0x00007ff81a630000 - 0x00007ff81a659000 	C:\Windows\System32\GDI32.dll
0x00007ff819330000 - 0x00007ff819449000 	C:\Windows\System32\gdi32full.dll
0x00007ff819610000 - 0x00007ff8196aa000 	C:\Windows\System32\msvcp_win.dll
0x00007ff8107c0000 - 0x00007ff8107ca000 	C:\Windows\SYSTEM32\VERSION.dll
0x00007ff8198a0000 - 0x00007ff8198d1000 	C:\Windows\System32\IMM32.DLL
0x00007fffe53d0000 - 0x00007fffe53dc000 	C:\Program Files\Java\jdk-21\bin\vcruntime140_1.dll
0x00007fffacfc0000 - 0x00007fffad04e000 	C:\Program Files\Java\jdk-21\bin\msvcp140.dll
0x00007fff91630000 - 0x00007fff9233d000 	C:\Program Files\Java\jdk-21\bin\server\jvm.dll
0x00007ff819eb0000 - 0x00007ff819f21000 	C:\Windows\System32\WS2_32.dll
0x00007ff817cd0000 - 0x00007ff817d1d000 	C:\Windows\SYSTEM32\POWRPROF.dll
0x00007ff810440000 - 0x00007ff810474000 	C:\Windows\SYSTEM32\WINMM.dll
0x00007ff817cb0000 - 0x00007ff817cc3000 	C:\Windows\SYSTEM32\UMPDC.dll
0x00007ff817ec0000 - 0x00007ff817ed8000 	C:\Windows\SYSTEM32\kernel.appcore.dll
0x00007fffe3370000 - 0x00007fffe337a000 	C:\Program Files\Java\jdk-21\bin\jimage.dll
0x00007ff8163e0000 - 0x00007ff816612000 	C:\Windows\SYSTEM32\DBGHELP.DLL
0x00007ff81b590000 - 0x00007ff81b918000 	C:\Windows\System32\combase.dll
0x00007ff81a790000 - 0x00007ff81a867000 	C:\Windows\System32\OLEAUT32.dll
0x00007ff801270000 - 0x00007ff8012a2000 	C:\Windows\SYSTEM32\dbgcore.DLL
0x00007ff8196b0000 - 0x00007ff819729000 	C:\Windows\System32\bcryptPrimitives.dll
0x00007fffd6ff0000 - 0x00007fffd6fff000 	C:\Program Files\Java\jdk-21\bin\instrument.dll
0x00007fffae030000 - 0x00007fffae04f000 	C:\Program Files\Java\jdk-21\bin\java.dll
0x00007ff81a870000 - 0x00007ff81b0cc000 	C:\Windows\System32\SHELL32.dll
0x00007ff816d80000 - 0x00007ff817676000 	C:\Windows\SYSTEM32\windows.storage.dll
0x00007ff816c40000 - 0x00007ff816d7e000 	C:\Windows\SYSTEM32\wintypes.dll
0x00007ff81b160000 - 0x00007ff81b255000 	C:\Windows\System32\SHCORE.dll
0x00007ff81a660000 - 0x00007ff81a6be000 	C:\Windows\System32\shlwapi.dll
0x00007ff818dc0000 - 0x00007ff818de1000 	C:\Windows\SYSTEM32\profapi.dll
0x00007fffacd70000 - 0x00007ffface47000 	C:\Program Files\Java\jdk-21\bin\jsvml.dll
0x00007fffacd50000 - 0x00007fffacd68000 	C:\Program Files\Java\jdk-21\bin\zip.dll
0x00007fffdd1c0000 - 0x00007fffdd1d0000 	C:\Program Files\Java\jdk-21\bin\net.dll
0x00007ff812850000 - 0x00007ff812986000 	C:\Windows\SYSTEM32\WINHTTP.dll
0x00007ff8183c0000 - 0x00007ff818429000 	C:\Windows\system32\mswsock.dll
0x00007fffacfa0000 - 0x00007fffacfb6000 	C:\Program Files\Java\jdk-21\bin\nio.dll
0x00007fffda7b0000 - 0x00007fffda7c0000 	C:\Program Files\Java\jdk-21\bin\verify.dll
0x00007fffd92f0000 - 0x00007fffd9307000 	C:\Windows\system32\napinsp.dll
0x00007fffd8240000 - 0x00007fffd825b000 	C:\Windows\system32\pnrpnsp.dll
0x00007ff817950000 - 0x00007ff817a48000 	C:\Windows\SYSTEM32\DNSAPI.dll
0x00007ff817920000 - 0x00007ff81794d000 	C:\Windows\SYSTEM32\IPHLPAPI.DLL
0x00007ff81a770000 - 0x00007ff81a779000 	C:\Windows\System32\NSI.dll
0x00007fffd7d30000 - 0x00007fffd7d41000 	C:\Windows\System32\winrnr.dll
0x00007ff810780000 - 0x00007ff810795000 	C:\Windows\system32\wshbth.dll
0x00007fffd7970000 - 0x00007fffd7997000 	C:\Windows\system32\nlansp_c.dll
0x00007ff809440000 - 0x00007ff80944a000 	C:\Windows\System32\rasadhlp.dll
0x00007ff810480000 - 0x00007ff810503000 	C:\Windows\System32\fwpuclnt.dll
0x00007fffd70c0000 - 0x00007fffd70c9000 	C:\Program Files\Java\jdk-21\bin\extnet.dll
0x00007fffd6c00000 - 0x00007fffd6c0e000 	C:\Program Files\Java\jdk-21\bin\sunmscapi.dll
0x00007ff819730000 - 0x00007ff819898000 	C:\Windows\System32\CRYPT32.dll
0x00007ff818810000 - 0x00007ff81883e000 	C:\Windows\SYSTEM32\ncrypt.dll
0x00007ff8187d0000 - 0x00007ff818807000 	C:\Windows\SYSTEM32\NTASN1.dll
0x00007fffe81c0000 - 0x00007fffe81c8000 	C:\Windows\system32\wshunix.dll
0x00007ff818660000 - 0x00007ff81867b000 	C:\Windows\SYSTEM32\CRYPTSP.dll
0x00007ff817ee0000 - 0x00007ff817f15000 	C:\Windows\system32\rsaenh.dll
0x00007ff818460000 - 0x00007ff818488000 	C:\Windows\SYSTEM32\USERENV.dll
0x00007ff8185c0000 - 0x00007ff8185cc000 	C:\Windows\SYSTEM32\CRYPTBASE.dll

dbghelp: loaded successfully - version: 4.0.5 - missing functions: none
symbol engine: initialized successfully - sym options: 0x614 - pdb path: .;C:\Program Files\Java\jdk-21\bin;C:\Windows\SYSTEM32;C:\Windows\WinSxS\amd64_microsoft.windows.common-controls_6595b64144ccf1df_6.0.22621.3527_none_270e469b73872a76;C:\Program Files\Java\jdk-21\bin\server

VM Arguments:
jvm_args: -Dorg.gradle.internal.worker.tmpdir=E:\Kuliah\Sem4\Adpro\bookshop\build\tmp\test\work -Dorg.gradle.native=false -javaagent:E:\Kuliah\Sem4\Adpro\bookshop\build\tmp\.cache\expanded\zip_cde35f471dab581134460fc9a50e2c59\jacocoagent.jar=destfile=build/jacoco/test.exec,append=true,inclnolocationclasses=false,dumponexit=true,output=file,jmx=false -Xmx512m -Dfile.encoding=UTF-8 -Duser.country=ID -Duser.language=en -Duser.variant -ea 
java_command: worker.org.gradle.process.internal.worker.GradleWorkerMain 'Gradle Test Executor 1'
java_class_path (initial): C:\\Users\\edber\\.gradle\\caches\\8.7\\workerMain\\gradle-worker.jar;E:\\Kuliah\\Sem4\\Adpro\\bookshop\\build\\classes\\java\\test;E:\\Kuliah\\Sem4\\Adpro\\bookshop\\build\\classes\\java\\main;E:\\Kuliah\\Sem4\\Adpro\\bookshop\\build\\resources\\main;C:\\Users\\edber\\.gradle\\caches\\modules-2\\files-2.1\\org.springframework.boot\\spring-boot-starter-actuator\\3.2.4\\a26cd0ab56f912d2aa44504042af06f15d3d1a80\\spring-boot-starter-actuator-3.2.4.jar;C:\\Users\\edber\\.gradle\\caches\\modules-2\\files-2.1\\io.micrometer\\micrometer-registry-prometheus\\1.12.4\\6096028aa6df769fc10885cfc8a70d484114971f\\micrometer-registry-prometheus-1.12.4.jar;C:\\Users\\edber\\.gradle\\caches\\modules-2\\files-2.1\\org.springframework.boot\\spring-boot-starter-web\\3.2.4\\a74df12b71060da7c8e87f9a8c2ef4ea43fc8017\\spring-boot-starter-web-3.2.4.jar;C:\\Users\\edber\\.gradle\\caches\\modules-2\\files-2.1\\org.springframework.boot\\spring-boot-starter-data-jpa\\3.2.4\\d8c5f393d9b18d96021b3e02d80e4356c5cbe0f7\\spring-boot-starter-data-jpa-3.2.4.jar;C:\\Users\\edber\\.gradle\\caches\\modules-2\\files-2.1\\org.springframework.boot\\spring-boot-starter-validation\\3.2.4\\5f43697d1f24a19414bcaec3733dab5b6c24d1da\\spring-boot-starter-validation-3.2.4.jar;C:\\Users\\edber\\.gradle\\caches\\modules-2\\files-2.1\\org.postgresql\\postgresql\\42.6.2\\18c33c28326b2f81480833291b81f5eca080ab3c\\postgresql-42.6.2.jar;C:\\Users\\edber\\.gradle\\caches\\modules-2\\files-2.1\\com.h2database\\h2\\2.2.224\\7bdade27d8cd197d9b5ce9dc251f41d2edc5f7ad\\h2-2.2.224.jar;C:\\Users\\edber\\.gradle\\caches\\modules-2\\files-2.1\\org.springframework.boot\\spring-boot-starter-test\\3.2.4\\b0d6d874f2e67861fe17a72435f288b9cc29d6a7\\spring-boot-starter-test-3.2.4.jar;C:\\Users\\edber\\.gradle\\caches\\modules-2\\files-2.1\\org.springframework.boot\\spring-boot-starter-json\\3.2.4\\ef3f72369ce7f6f7a7b02c0b23e60ef5bdf581b1\\spring-boot-starter-json-3.2.4.jar;C:\\Users\\edber\\.gradle\\caches\\modules-2\\files-2.1\\org.springframework.boot\\spring-boot-starter-aop\\3.2.4\\11aedc0a23c43947608f2122eed08eabe5e2994c\\spring-boot-starter-aop-3.2.4.jar;C:\\Users\\edber\\.gradle\\caches\\modules-2\\files-2.1\\org.springframework.boot\\spring-boot-starter-jdbc\\3.2.4\\7dd399e7ba19d62cae32be6e20edac37ff8fcbc0\\spring-boot-starter-jdbc-3.2.4.jar;C:\\Users\\edber\\.gradle\\caches\\modules-2\\files-2.1\\org.springframework.boot\\spring-boot-starter\\3.2.4\\842cf7f0ed2ecfef3011f3191fc53c59ceed752\\spring-boot-starter-3.2.4.jar;C:\\Users\\edber\\.gradle\\caches\\modules-2\\files-2.1\\org.springframework.boot\\spring-boot-actuator-autoconfigure\\3.2.4\\fc5d94aa9b147786d60379f7365cb4bf6766cdad\\spring-boot-actuator-autoconfigure-3.2.4.jar;C:\\Users\\edber\\.gradle\\caches\\modules-2\\files-2.1\\io.micrometer\\micrometer-jakarta9\\1.12.4\\354b0798834e415a64f16125e27a1a7e5dc0aee4\\micrometer-jakarta9-1.12.4.jar;C:\\Users\\edber\\.gradle\\caches\\modules-2\\files-2.1\\io.micrometer\\micrometer-core\\1.12.4\\d5b91e2847de7c1213889c532789743eb2f96337\\micrometer-core-1.12.4.jar;C:\\Users\\edber\\.gradle\\caches\\modules-2\\files-2.1\\org.springframework\\spring-webmvc\\6.1.5\\92809fce136e0b662dc9325529443386ba5ec2c6\\spring-webmvc-6.1.5.jar;C:\\Users\\edber\\.gradle\\caches\\modules-2\\files-2.1\\org.springframework\\spring-web\\6.1.5\\4f4e92cc52ee33260f1ee0cdc7b7a2f22d49708c\\spring-web-6.1.5.jar;C:\\Users\\edber\\.gradle\\caches\\modules-2\\files-2.1\\org.springframework.data\\spring-data-jpa\\3.2.4\\1932f90c487999575b57ad41986de96c8ebf5843\\spring-data-jpa-3.2.4.jar;C:\\Users\\edber\\.gradle\\caches\\modules-2\\files-2.1\\org.springframework.boot\\spring-boot-test-autoconfigure\\3.2.4\\4b566e3ed0d326b5b3158ec032c1fb570786fe4a\\spring-boot-test-autoconfigure-3.2.4.jar;C:\\Users\\edber\\.gradle\\caches\\modules-2\\files-2.1\\org.springframework.boot\\spring-boot-test\\3.2.4\\7c58670bfa752b6d3b03298d4657d34e11eb46bb\\spring-boot-test-3.2.4.jar;C:\\Users\\edber\\.gradle\\caches\\modules-2\\files-2.1\\org.springframework.boot\\spring-boot-autoconfigure\\3.2.4\\b3f481aff8f0775f44d78399c804a8c52d75b971\\spring-boot-autoconfigure-3.2.4.jar;C:\\Users\\edber\\.gradle\\caches\\modules-2\\files-2.1\\org.springframework.boot\\spring-boot-actuator\\3.2.4\\9921454129e42a4c6806240885ed763eb874cd24\\spring-boot-actuator-3.2.4.jar;C:\\Users\\edber\\.gradle\\caches\\modules-2\\files-2.1\\org.springframework.boot\\spring-boot\\3.2.4\\ccb7cbb30dcf1d91dbbf20a3219a457eead46601\\spring-boot-3.2.4.jar;C:\\Users\\edber\\.gradle\\caches\\modules-2\\files-2.1\\org.springframework\\spring-context\\6.1.5\\735d1bd7372d7c53e7b31b4a9c980ce2e0b26424\\spring-context-6.1.5.jar;C:\\Users\\edber\\.gradle\\caches\\modules-2\\files-2.1\\io.micrometer\\micrometer-observation\\1.12.4\\492deebbd9b8ab23f588428f66578e21af266e01\\micrometer-observation-1.12.4.jar;C:\\Users\\edber\\.gradle\\caches\\modules-2\\files-2.1\\io.prometheus\\simpleclient_common\\0.16.0\\a09a8c790a20309b942a9fdbfe77da22407096e6\\simpleclient_common-0.16.0.jar;C:\\Users\\edber\\.gradle\\caches\\modules-2\\files-2.1\\org.springframework.boot\\spring-boot-starter-tomcat\\3.2.4\\ffa632eeaaf1a4e807ec4bbcc1938f7d43096472\\spring-boot-starter-tomcat-3.2.4.jar;C:\\Users\\edber\\.gradle\\caches\\modules-2\\files-2.1\\org.hibernate.orm\\hibernate-core\\6.4.4.Final\\5c9decb3c5a70bf7801d41fc32633416c26be069\\hibernate-core-6.4.4.Final.jar;C:\\Users\\edber\\.gradle\\caches\\modules-2\\files-2.1\\org.springframework\\spring-aspects\\6.1.5\\202d9da55e24fec2eda80bbc3cd87fbefc0e1256\\spring-aspects-6.1.5.jar;C:\\Users\\edber\\.gradle\\caches\\modules-2\\files-2.1\\org.apache.tomcat.embed\\tomcat-embed-el\\10.1.19\\c61a582c391aca130884a5421deedfe1a96c7415\\tomcat-embed-el-10.1.19.jar;C:\\Users\\edber\\.gradle\\caches\\modules-2\\files-2.1\\org.hibernate.validator\\hibernate-validator\\8.0.1.Final\\e49e116b3d3928060599b176b3538bb848718e95\\hibernate-validator-8.0.1.Final.jar;C:\\Users\\edber\\.gradle\\caches\\modules-2\\files-2.1\\org.checkerframework\\checker-qual\\3.31.0\\eeefd4af42e2f4221d145c1791582f91868f99ab\\checker-qual-3.31.0.jar;C:\\Users\\edber\\.gradle\\caches\\modules-2\\files-2.1\\com.jayway.jsonpath\\json-path\\2.9.0\\37fe2217f577b0b68b18e62c4d17a8858ecf9b69\\json-path-2.9.0.jar;C:\\Users\\edber\\.gradle\\caches\\modules-2\\files-2.1\\org.glassfish.jaxb\\jaxb-runtime\\4.0.5\\ca84c2a7169b5293e232b9d00d1e4e36d4c3914a\\jaxb-runtime-4.0.5.jar;C:\\Users\\edber\\.gradle\\caches\\modules-2\\files-2.1\\org.glassfish.jaxb\\jaxb-core\\4.0.5\\7b4b11ea5542eea4ad55e1080b23be436795b3\\jaxb-core-4.0.5.jar;C:\\Users\\edber\\.gradle\\caches\\modules-2\\files-2.1\\jakarta.xml.bind\\jakarta.xml.bind-api\\4.0.2\\6cd5a999b834b63238005b7144136379dc36cad2\\jakarta.xml.bind-api-4.0.2.jar;C:\\Users\\edber\\.gradle\\caches\\modules-2\\files-2.1\\net.minidev\\json-smart\\2.5.0\\57a64f421b472849c40e77d2e7cce3a141b41e99\\json-smart-2.5.0.jar;C:\\Users\\edber\\.gradle\\caches\\modules-2\\files-2.1\\org.assertj\\assertj-core\\3.24.2\\ebbf338e33f893139459ce5df023115971c2786f\\assertj-core-3.24.2.jar;C:\\Users\\edber\\.gradle\\caches\\modules-2\\files-2.1\\org.awaitility\\awaitility\\4.2.0\\2c39784846001a9cffd6c6b89c78de62c0d80fb8\\awaitility-4.2.0.jar;C:\\Users\\edber\\.gradle\\caches\\modules-2\\files-2.1\\org.hamcrest\\hamcrest\\2.2\\1820c0968dba3a11a1b30669bb1f01978a91dedc\\hamcrest-2.2.jar;C:\\Users\\edber\\.gradle\\caches\\modules-2\\files-2.1\\org.mockito\\mockito-junit-jupiter\\5.7.0\\ac2d6a3431747a7986b8f4abef465f72bf3a21ae\\mockito-junit-jupiter-5.7.0.jar;C:\\Users\\edber\\.gradle\\caches\\modules-2\\files-2.1\\org.junit.jupiter\\junit-jupiter-params\\5.10.2\\359132c82a9d3fa87a325db6edd33b5fdc67a3d8\\junit-jupiter-params-5.10.2.jar;C:\\Users\\edber\\.gradle\\caches\\modules-2\\files-2.1\\org.junit.jupiter\\junit-jupiter-engine\\5.10.2\\f1f8fe97bd58e85569205f071274d459c2c4f8cd\\junit-jupiter-engine-5.10.2.jar;C:\\Users\\edber\\.gradle\\caches\\modules-2\\files-2.1\\org.junit.jupiter\\junit-jupiter-api\\5.10.2\\fb55d6e2bce173f35fd28422e7975539621055ef\\junit-jupiter-api-5.10.2.jar;C:\\Users\\edber\\.gradle\\caches\\modules-2\\files-2.1\\org.junit.platform\\junit-platform-engine\\1.10.2\\d53bb4e0ce7f211a498705783440614bfaf0df2e\\junit-platform-engine-1.10.2.jar;C:\\Users\\edber\\.gradle\\caches\\modules-2\\files-2.1\\org.junit.platform\\junit-platform-commons\\1.10.2\\3197154a1f0c88da46c47a9ca27611ac7ec5d797\\junit-platform-commons-1.10.2.jar;C:\\Users\\edber\\.gradle\\caches\\modules-2\\files-2.1\\org.junit.jupiter\\junit-jupiter\\5.10.2\\831c0b86ddc2ce38391c5b81ea662b0cfdc02cce\\junit-jupiter-5.10.2.jar;C:\\Users\\edber\\.gradle\\caches\\modules-2\\files-2.1\\org.mockito\\mockito-core\\5.7.0\\a1c258331ab91d66863c983aff7136357e9de056\\mockito-core-5.7.0.jar;C:\\Users\\edber\\.gradle\\caches\\modules-2\\files-2.1\\org.skyscreamer\\jsonassert\\1.5.1\\6d842d0faf4cf6725c509a5e5347d319ee0431c3\\jsonassert-1.5.1.jar;C:\\Users\\edber\\.gradle\\caches\\modules-2\\files-2.1\\org.springframework\\spring-test\\6.1.5\\7713127b756a14bdaa363ab6fb52b5363139f779\\spring-test-6.1.5.jar;C:\\Users\\edber\\.gradle\\caches\\modules-2\\files-2.1\\org.springframework\\spring-aop\\6.1.5\\a4f596bd3c55b6cec93f0e2e7245dd0bab8afec3\\spring-aop-6.1.5.jar;C:\\Users\\edber\\.gradle\\caches\\modules-2\\files-2.1\\org.springframework\\spring-orm\\6.1.5\\d2dc2b996680fcc8ae5aea294f0ce6bda5577c7c\\spring-orm-6.1.5.jar;C:\\Users\\edber\\.gradle\\caches\\modules-2\\files-2.1\\org.springframework\\spring-jdbc\\6.1.5\\e8617dcddd3377c809b3e62c325fcb923163cb20\\spring-jdbc-6.1.5.jar;C:\\Users\\edber\\.gradle\\caches\\modules-2\\files-2.1\\org.springframework.data\\spring-data-commons\\3.2.4\\c934470822afb9f0751915b229d6fe28ff5e1ac2\\spring-data-commons-3.2.4.jar;C:\\Users\\edber\\.gradle\\caches\\modules-2\\files-2.1\\org.springframework\\spring-tx\\6.1.5\\90e95f4c3e30f9ecaef6ba53186ed21afebba618\\spring-tx-6.1.5.jar;C:\\Users\\edber\\.gradle\\caches\\modules-2\\files-2.1\\org.springframework\\spring-beans\\6.1.5\\9ae967f467281c9bb977585ef4d5ea7351704d60\\spring-beans-6.1.5.jar;C:\\Users\\edber\\.gradle\\caches\\modules-2\\files-2.1\\org.springframework\\spring-expression\\6.1.5\\7e21cb1c6bbef1509e12d485b75ffc61278d9fa7\\spring-expression-6.1.5.jar;C:\\Users\\edber\\.gradle\\caches\\modules-2\\files-2.1\\org.springframework\\spring-core\\6.1.5\\6dae1b06ffacbb9abab636be2dbc6acd3b6e5d68\\spring-core-6.1.5.jar;C:\\Users\\edber\\.gradle\\caches\\modules-2\\files-2.1\\org.xmlunit\\xmlunit-core\\2.9.1\\e5833662d9a1279a37da3ef6f62a1da29fcd68c4\\xmlunit-core-2.9.1.jar;C:\\Users\\edber\\.gradle\\caches\\modules-2\\files-2.1\\org.springframework.boot\\spring-boot-starter-logging\\3.2.4\\32616f4a33ec0fda0c54aaa67ab10dc78df3fd78\\spring-boot-starter-logging-3.2.4.jar;C:\\Users\\edber\\.gradle\\caches\\modules-2\\files-2.1\\jakarta.annotation\\jakarta.annotation-api\\2.1.1\\48b9bda22b091b1f48b13af03fe36db3be6e1ae3\\jakarta.annotation-api-2.1.1.jar;C:\\Users\\edber\\.gradle\\caches\\modules-2\\files-2.1\\org.yaml\\snakeyaml\\2.2\\3af797a25458550a16bf89acc8e4ab2b7f2bfce0\\snakeyaml-2.2.jar;C:\\Users\\edber\\.gradle\\caches\\modules-2\\files-2.1\\com.fasterxml.jackson.datatype\\jackson-datatype-jdk8\\2.15.4\\694777f182334a21bf1aeab1b04cc4398c801f3f\\jackson-datatype-jdk8-2.15.4.jar;C:\\Users\\edber\\.gradle\\caches\\modules-2\\files-2.1\\com.fasterxml.jackson.module\\jackson-module-parameter-names\\2.15.4\\e654497a08359db2521b69b5f710e00836915d8c\\jackson-module-parameter-names-2.15.4.jar;C:\\Users\\edber\\.gradle\\caches\\modules-2\\files-2.1\\com.fasterxml.jackson.core\\jackson-annotations\\2.15.4\\5223ea5a9bf52cdc9c5e537a0e52f2432eaf208b\\jackson-annotations-2.15.4.jar;C:\\Users\\edber\\.gradle\\caches\\modules-2\\files-2.1\\com.fasterxml.jackson.core\\jackson-core\\2.15.4\\aebe84b45360debad94f692a4074c6aceb535fa0\\jackson-core-2.15.4.jar;C:\\Users\\edber\\.gradle\\caches\\modules-2\\files-2.1\\com.fasterxml.jackson.datatype\\jackson-datatype-jsr310\\2.15.4\\7de629770a4559db57128d35ccae7d2fddd35db3\\jackson-datatype-jsr310-2.15.4.jar;C:\\Users\\edber\\.gradle\\caches\\modules-2\\files-2.1\\com.fasterxml.jackson.core\\jackson-databind\\2.15.4\\560309fc381f77d4d15c4a4cdaa0db5025c4fd13\\jackson-databind-2.15.4.jar;C:\\Users\\edber\\.gradle\\caches\\modules-2\\files-2.1\\io.micrometer\\micrometer-commons\\1.12.4\\a57f10c78956b38087f97beae66cf14cb8b08d34\\micrometer-commons-1.12.4.jar;C:\\Users\\edber\\.gradle\\caches\\modules-2\\files-2.1\\org.hdrhistogram\\HdrHistogram\\2.1.12\\6eb7552156e0d517ae80cc2247be1427c8d90452\\HdrHistogram-2.1.12.jar;C:\\Users\\edber\\.gradle\\caches\\modules-2\\files-2.1\\org.latencyutils\\LatencyUtils\\2.0.3\\769c0b82cb2421c8256300e907298a9410a2a3d3\\LatencyUtils-2.0.3.jar;C:\\Users\\edber\\.gradle\\caches\\modules-2\\files-2.1\\io.prometheus\\simpleclient\\0.16.0\\28b0eaf7c500c506976da8d0fc9cad6c278e8d87\\simpleclient-0.16.0.jar;C:\\Users\\edber\\.gradle\\caches\\modules-2\\files-2.1\\org.apache.tomcat.embed\\tomcat-embed-websocket\\10.1.19\\adf4710fac2471236f8a466ca678cdf7e6a8257c\\tomcat-embed-websocket-10.1.19.jar;C:\\Users\\edber\\.gradle\\caches\\modules-2\\files-2.1\\org.apache.tomcat.embed\\tomcat-embed-core\\10.1.19\\3dbbca8acbd4dd6a137c3d6f934a2931512b42ce\\tomcat-embed-core-10.1.19.jar;C:\\Users\\edber\\.gradle\\caches\\modules-2\\files-2.1\\org.aspectj\\aspectjweaver\\1.9.21\\beaabaea95c7f3330f415c72ee0ffe79b51d172f\\aspectjweaver-1.9.21.jar;C:\\Users\\edber\\.gradle\\caches\\modules-2\\files-2.1\\com.zaxxer\\HikariCP\\5.0.1\\a74c7f0a37046846e88d54f7cb6ea6d565c65f9c\\HikariCP-5.0.1.jar;C:\\Users\\edber\\.gradle\\caches\\modules-2\\files-2.1\\jakarta.persistence\\jakarta.persistence-api\\3.1.0\\66901fa1c373c6aff65c13791cc11da72060a8d6\\jakarta.persistence-api-3.1.0.jar;C:\\Users\\edber\\.gradle\\caches\\modules-2\\files-2.1\\jakarta.transaction\\jakarta.transaction-api\\2.0.1\\51a520e3fae406abb84e2e1148e6746ce3f80a1a\\jakarta.transaction-api-2.0.1.jar;C:\\Users\\edber\\.gradle\\caches\\modules-2\\files-2.1\\org.jboss.logging\\jboss-logging\\3.5.3.Final\\c88fc1d8a96d4c3491f55d4317458ccad53ca663\\jboss-logging-3.5.3.Final.jar;C:\\Users\\edber\\.gradle\\caches\\modules-2\\files-2.1\\org.hibernate.common\\hibernate-commons-annotations\\6.0.6.Final\\77a5f94b56d49508e0ee334751db5b78e5ccd50c\\hibernate-commons-annotations-6.0.6.Final.jar;C:\\Users\\edber\\.gradle\\caches\\modules-2\\files-2.1\\io.smallrye\\jandex\\3.1.2\\a6c1c89925c7df06242b03dddb353116ceb9584c\\jandex-3.1.2.jar;C:\\Users\\edber\\.gradle\\caches\\modules-2\\files-2.1\\com.fasterxml\\classmate\\1.6.0\\91affab6f84a2182fce5dd72a8d01bc14346dddd\\classmate-1.6.0.jar;C:\\Users\\edber\\.gradle\\caches\\modules-2\\files-2.1\\net.bytebuddy\\byte-buddy\\1.14.12\\6e37f743dc15a8d7a4feb3eb0025cbc612d5b9e1\\byte-buddy-1.14.12.jar;C:\\Users\\edber\\.gradle\\caches\\modules-2\\files-2.1\\jakarta.inject\\jakarta.inject-api\\2.0.1\\4c28afe1991a941d7702fe1362c365f0a8641d1e\\jakarta.inject-api-2.0.1.jar;C:\\Users\\edber\\.gradle\\caches\\modules-2\\files-2.1\\org.antlr\\antlr4-runtime\\4.13.0\\5a02e48521624faaf5ff4d99afc88b01686af655\\antlr4-runtime-4.13.0.jar;C:\\Users\\edber\\.gradle\\caches\\modules-2\\files-2.1\\ch.qos.logback\\logback-classic\\1.4.14\\d98bc162275134cdf1518774da4a2a17ef6fb94d\\logback-classic-1.4.14.jar;C:\\Users\\edber\\.gradle\\caches\\modules-2\\files-2.1\\org.apache.logging.log4j\\log4j-to-slf4j\\2.21.1\\d77b2ba81711ed596cd797cc2b5b5bd7409d841c\\log4j-to-slf4j-2.21.1.jar;C:\\Users\\edber\\.gradle\\caches\\modules-2\\files-2.1\\org.slf4j\\jul-to-slf4j\\2.0.12\\eb5f48f782b41cc881b0bf1fb4d88ae2ff6d5b93\\jul-to-slf4j-2.0.12.jar;C:\\Users\\edber\\.gradle\\caches\\modules-2\\files-2.1\\org.slf4j\\slf4j-api\\2.0.12\\48f109a2a6d8f446c794f3e3fa0d86df0cdfa312\\slf4j-api-2.0.12.jar;C:\\Users\\edber\\.gradle\\caches\\modules-2\\files-2.1\\jakarta.validation\\jakarta.validation-api\\3.0.2\\92b6631659ba35ca09e44874d3eb936edfeee532\\jakarta.validation-api-3.0.2.jar;C:\\Users\\edber\\.gradle\\caches\\modules-2\\files-2.1\\org.eclipse.angus\\angus-activation\\2.0.2\\41f1e0ddd157c856926ed149ab837d110955a9fc\\angus-activation-2.0.2.jar;C:\\Users\\edber\\.gradle\\caches\\modules-2\\files-2.1\\jakarta.activation\\jakarta.activation-api\\2.1.3\\fa165bd70cda600368eee31555222776a46b881f\\jakarta.activation-api-2.1.3.jar;C:\\Users\\edber\\.gradle\\caches\\modules-2\\files-2.1\\net.minidev\\accessors-smart\\2.5.0\\aca011492dfe9c26f4e0659028a4fe0970829dd8\\accessors-smart-2.5.0.jar;C:\\Users\\edber\\.gradle\\caches\\modules-2\\files-2.1\\net.bytebuddy\\byte-buddy-agent\\1.14.12\\be4984cb6fd1ef1d11f218a648889dfda44b8a15\\byte-buddy-agent-1.14.12.jar;C:\\Users\\edber\\.gradle\\caches\\modules-2\\files-2.1\\org.objenesis\\objenesis\\3.3\\1049c09f1de4331e8193e579448d0916d75b7631\\objenesis-3.3.jar;C:\\Users\\edber\\.gradle\\caches\\modules-2\\files-2.1\\com.vaadin.external.google\\android-json\\0.0.20131108.vaadin1\\fa26d351fe62a6a17f5cda1287c1c6110dec413f\\android-json-0.0.20131108.vaadin1.jar;C:\\Users\\edber\\.gradle\\caches\\modules-2\\files-2.1\\org.springframework\\spring-jcl\\6.1.5\\896ae3519327731589c6e77521656b50ae32d5b3\\spring-jcl-6.1.5.jar;C:\\Users\\edber\\.gradle\\caches\\modules-2\\files-2.1\\io.prometheus\\simpleclient_tracer_otel\\0.16.0\\cc3d2b7b7cb6f077e3b1ee1d3e99eb54fddfa151\\simpleclient_tracer_otel-0.16.0.jar;C:\\Users\\edber\\.gradle\\caches\\modules-2\\files-2.1\\io.prometheus\\simpleclient_tracer_otel_agent\\0.16.0\\9d724771e339ff7ec6cd7c0cc170d3470904c5\\simpleclient_tracer_otel_agent-0.16.0.jar;C:\\Users\\edber\\.gradle\\caches\\modules-2\\files-2.1\\org.ow2.asm\\asm\\9.3\\8e6300ef51c1d801a7ed62d07cd221aca3a90640\\asm-9.3.jar;C:\\Users\\edber\\.gradle\\caches\\modules-2\\files-2.1\\org.opentest4j\\opentest4j\\1.3.0\\152ea56b3a72f655d4fd677fc0ef2596c3dd5e6e\\opentest4j-1.3.0.jar;C:\\Users\\edber\\.gradle\\caches\\modules-2\\files-2.1\\ch.qos.logback\\logback-core\\1.4.14\\4d3c2248219ac0effeb380ed4c5280a80bf395e8\\logback-core-1.4.14.jar;C:\\Users\\edber\\.gradle\\caches\\modules-2\\files-2.1\\org.apache.logging.log4j\\log4j-api\\2.21.1\\74c65e87b9ce1694a01524e192d7be989ba70486\\log4j-api-2.21.1.jar;C:\\Users\\edber\\.gradle\\caches\\modules-2\\files-2.1\\io.prometheus\\simpleclient_tracer_common\\0.16.0\\dec00ef7c6155c4ca1109ec8248f7ff58d8f6cd3\\simpleclient_tracer_common-0.16.0.jar;C:\\Users\\edber\\.gradle\\caches\\modules-2\\files-2.1\\org.glassfish.jaxb\\txw2\\4.0.5\\f36a4ef12120a9bb06d766d6a0e54b144fd7ed98\\txw2-4.0.5.jar;C:\\Users\\edber\\.gradle\\caches\\modules-2\\files-2.1\\com.sun.istack\\istack-commons-runtime\\4.1.2\\18ec117c85f3ba0ac65409136afa8e42bc74e739\\istack-commons-runtime-4.1.2.jar;C:\\Users\\edber\\.gradle\\wrapper\\dists\\gradle-8.7-bin\\bhs2wmbdwecv87pi65oeuq5iu\\gradle-8.7\\lib\\plugins\\junit-platform-engine-1.8.2.jar;C:\\Users\\edber\\.gradle\\wrapper\\dists\\gradle-8.7-bin\\bhs2wmbdwecv87pi65oeuq5iu\\gradle-8.7\\lib\\plugins\\junit-platform-launcher-1.8.2.jar;C:\\Users\\edber\\.gradle\\wrapper\\dists\\gradle-8.7-bin\\bhs2wmbdwecv87pi65oeuq5iu\\gradle-8.7\\lib\\plugins\\junit-platform-commons-1.8.2.jar
Launcher Type: SUN_STANDARD

[Global flags]
     intx CICompilerCount                          = 12                                        {product} {ergonomic}
     uint ConcGCThreads                            = 3                                         {product} {ergonomic}
     uint G1ConcRefinementThreads                  = 13                                        {product} {ergonomic}
   size_t G1HeapRegionSize                         = 1048576                                   {product} {ergonomic}
    uintx GCDrainStackTargetSize                   = 64                                        {product} {ergonomic}
   size_t InitialHeapSize                          = 266338304                                 {product} {ergonomic}
   size_t MarkStackSize                            = 4194304                                   {product} {ergonomic}
   size_t MaxHeapSize                              = 536870912                                 {product} {command line}
   size_t MaxNewSize                               = 321912832                                 {product} {ergonomic}
   size_t MinHeapDeltaBytes                        = 1048576                                   {product} {ergonomic}
   size_t MinHeapSize                              = 8388608                                   {product} {ergonomic}
    uintx NonNMethodCodeHeapSize                   = 7602480                                {pd product} {ergonomic}
    uintx NonProfiledCodeHeapSize                  = 122027880                              {pd product} {ergonomic}
    uintx ProfiledCodeHeapSize                     = 122027880                              {pd product} {ergonomic}
    uintx ReservedCodeCacheSize                    = 251658240                              {pd product} {ergonomic}
     bool SegmentedCodeCache                       = true                                      {product} {ergonomic}
   size_t SoftMaxHeapSize                          = 536870912                              {manageable} {ergonomic}
     bool UseCompressedOops                        = true                           {product lp64_product} {ergonomic}
     bool UseG1GC                                  = true                                      {product} {ergonomic}
     bool UseLargePagesIndividualAllocation        = false                                  {pd product} {ergonomic}

Logging:
Log output configuration:
 #0: stdout all=warning uptime,level,tags foldmultilines=false
 #1: stderr all=off uptime,level,tags foldmultilines=false

Environment Variables:
JAVA_HOME=C:\Program Files\Java\jdk-21
CLASSPATH=E:\Kuliah\Sem4\Adpro\bookshop\\gradle\wrapper\gradle-wrapper.jar
PATH=C:\Program Files\Common Files\Oracle\Java\javapath;C:\Program Files (x86)\Common Files\Oracle\Java\javapath;C:\Program Files\NVIDIA GPU Computing Toolkit\CUDA\v12.1\bin;C:\Program Files\NVIDIA GPU Computing Toolkit\CUDA\v12.1\libnvvp;C:\Program Files\NVIDIA GPU Computing Toolkit\CUDA\v11.8\bin;C:\Program Files\NVIDIA GPU Computing Toolkit\CUDA\v11.8\libnvvp;C:\Program Files (x86)\Common Files\Intel\Shared Libraries\redist\intel64\compiler;C:\Windows\system32;C:\Windows;C:\Windows\System32\Wbem;C:\Windows\System32\WindowsPowerShell\v1.0\;C:\Windows\System32\OpenSSH\;C:\Program Files (x86)\NVIDIA Corporation\PhysX\Common;C:\Program Files\NVIDIA Corporation\NVIDIA NvDLISR;C:\MinGW\bin;C:\Program Files\NVIDIA Corporation\Nsight Compute 2023.1.1\;C:\ProgramData\chocolatey\bin;C:\Program Files\Git\cmd;C:\Users\edber\AppData\Local\Android\Sdk;C:\Program Files\Java\jdk-20\bin;E:\nodejs\;C:\Program Files\PuTTY\;C:\Program Files\Docker\Docker\resources\bin;C:\Program Files\PowerShell\7\;C:\minikube;C:\Users\edber\.cargo\bin;C:\Users\edber\AppData\Local\Programs\Python\Python311\Scripts\;C:\Users\edber\AppData\Local\Programs\Python\Python311\;C:\Users\edber\AppData\Local\Microsoft\WindowsApps;C:\Users\edber\AppData\Local\Programs\Microsoft VS Code\bin;C:\Users\edber\OneDrive\Documents\FlutterDev\flutter\bin;C:\Users\edber\AppData\Roaming\npm;C:\Program Files\PostgreSQL\16\bin;
USERNAME=edber
OS=Windows_NT
PROCESSOR_IDENTIFIER=Intel64 Family 6 Model 186 Stepping 2, GenuineIntel
TMP=C:\Users\edber\AppData\Local\Temp
TEMP=C:\Users\edber\AppData\Local\Temp




Periodic native trim disabled

---------------  S Y S T E M  ---------------

OS:
 Windows 11 , 64 bit Build 22621 (10.0.22621.3527)
OS uptime: 0 days 16:31 hours
Hyper-V role detected

CPU: total 16 (initial active 16) (8 cores per cpu, 2 threads per core) family 6 model 186 stepping 2 microcode 0x410e, cx8, cmov, fxsr, ht, mmx, 3dnowpref, sse, sse2, sse3, ssse3, sse4.1, sse4.2, popcnt, lzcnt, tsc, tscinvbit, avx, avx2, aes, erms, clmul, bmi1, bmi2, adx, sha, fma, vzeroupper, clflush, clflushopt, clwb, hv, serialize, rdtscp, rdpid, fsrm, f16c, cet_ibt, cet_ss
Processor Information for processor 0
  Max Mhz: 2400, Current Mhz: 2400, Mhz Limit: 2400
Processor Information for processor 1
  Max Mhz: 2400, Current Mhz: 2400, Mhz Limit: 2400
Processor Information for processor 2
  Max Mhz: 2400, Current Mhz: 2400, Mhz Limit: 2400
Processor Information for processor 3
  Max Mhz: 2400, Current Mhz: 2400, Mhz Limit: 2400
Processor Information for processor 4
  Max Mhz: 2400, Current Mhz: 2400, Mhz Limit: 2400
Processor Information for processor 5
  Max Mhz: 2400, Current Mhz: 2400, Mhz Limit: 2400
Processor Information for processor 6
  Max Mhz: 2400, Current Mhz: 2400, Mhz Limit: 2400
Processor Information for processor 7
  Max Mhz: 2400, Current Mhz: 2400, Mhz Limit: 2400
Processor Information for processor 8
  Max Mhz: 2400, Current Mhz: 2400, Mhz Limit: 2400
Processor Information for processor 9
  Max Mhz: 2400, Current Mhz: 2400, Mhz Limit: 2400
Processor Information for processor 10
  Max Mhz: 2400, Current Mhz: 2400, Mhz Limit: 2400
Processor Information for processor 11
  Max Mhz: 2400, Current Mhz: 2400, Mhz Limit: 2400
Processor Information for processor 12
  Max Mhz: 2400, Current Mhz: 1800, Mhz Limit: 1800
Processor Information for processor 13
  Max Mhz: 2400, Current Mhz: 1800, Mhz Limit: 1800
Processor Information for processor 14
  Max Mhz: 2400, Current Mhz: 1800, Mhz Limit: 1800
Processor Information for processor 15
  Max Mhz: 2400, Current Mhz: 1800, Mhz Limit: 1800

Memory: 4k page, system-wide physical 16176M (2955M free)
TotalPageFile size 20272M (AvailPageFile size 8M)
current process WorkingSet (physical memory assigned to process): 213M, peak: 217M
current process commit charge ("private bytes"): 448M, peak: 453M

vm_info: Java HotSpot(TM) 64-Bit Server VM (21.0.3+7-LTS-152) for windows-amd64 JRE (21.0.3+7-LTS-152), built on 2024-03-11T17:42:26Z by "mach5one" with MS VC++ 17.6 (VS2022)

END.
