#
# There is insufficient memory for the Java Runtime Environment to continue.
# Native memory allocation (mmap) failed to map 266338304 bytes for G1 virtual space
# Possible reasons:
#   The system is out of physical RAM or swap space
#   The process is running with CompressedOops enabled, and the Java Heap may be blocking the growth of the native heap
# Possible solutions:
#   Reduce memory load on the system
#   Increase physical memory or swap space
#   Check if swap backing store is full
#   Decrease Java heap size (-Xmx/-Xms)
#   Decrease number of Java threads
#   Decrease Java thread stack sizes (-Xss)
#   Set larger code cache with -XX:ReservedCodeCacheSize=
#   JVM is running with Zero Based Compressed Oops mode in which the Java heap is
#     placed in the first 32GB address space. The Java Heap base address is the
#     maximum limit for the native heap growth. Please use -XX:HeapBaseMinAddress
#     to set the Java Heap base and to place the Java Heap above 32GB virtual address.
# This output file may be truncated or incomplete.
#
#  Out of Memory Error (os_windows.cpp:3600), pid=8964, tid=22304
#
# JRE version:  (21.0.2+13) (build )
# Java VM: OpenJDK 64-Bit Server VM (21.0.2+13-58, mixed mode, sharing, tiered, compressed oops, compressed class ptrs, g1 gc, windows-amd64)
# No core dump will be written. Minidumps are not enabled by default on client versions of Windows
#

---------------  S U M M A R Y ------------

Command Line: -Dnet.bytebuddy.agent.attacher.dump= net.bytebuddy.agent.Attacher com.sun.tools.attach.VirtualMachine 24492 C:\Users\edber\.gradle\caches\modules-2\files-2.1\net.bytebuddy\byte-buddy-agent\1.14.12\be4984cb6fd1ef1d11f218a648889dfda44b8a15\byte-buddy-agent-1.14.12.jar false 

Host: 13th Gen Intel(R) Core(TM) i7-13620H, 16 cores, 15G,  Windows 11 , 64 bit Build 22621 (10.0.22621.3527)
Time: Sun May 26 15:14:56 2024 SE Asia Standard Time elapsed time: 0.005707 seconds (0d 0h 0m 0s)

---------------  T H R E A D  ---------------

Current thread (0x00000272600fd1a0):  JavaThread "Unknown thread" [_thread_in_vm, id=22304, stack(0x000000f6a5600000,0x000000f6a5700000) (1024K)]

Stack: [0x000000f6a5600000,0x000000f6a5700000]
Native frames: (J=compiled Java code, j=interpreted, Vv=VM code, C=native code)
V  [jvm.dll+0x6cade9]
V  [jvm.dll+0x8569c1]
V  [jvm.dll+0x858d2e]
V  [jvm.dll+0x859413]
V  [jvm.dll+0x280e56]
V  [jvm.dll+0x6c74d5]
V  [jvm.dll+0x6bbeca]
V  [jvm.dll+0x355bca]
V  [jvm.dll+0x35d816]
V  [jvm.dll+0x3ae67e]
V  [jvm.dll+0x3ae928]
V  [jvm.dll+0x3295dc]
V  [jvm.dll+0x32a16b]
V  [jvm.dll+0x81efa9]
V  [jvm.dll+0x3bba01]
V  [jvm.dll+0x807928]
V  [jvm.dll+0x44f50e]
V  [jvm.dll+0x450e11]
C  [jli.dll+0x52a3]
C  [ucrtbase.dll+0x29333]
C  [KERNEL32.DLL+0x1257d]
C  [ntdll.dll+0x5aa48]


---------------  P R O C E S S  ---------------

Threads class SMR info:
_java_thread_list=0x00007fff8a58bb88, length=0, elements={
}

Java Threads: ( => current thread )
Total: 0

Other Threads:
  0x0000027262443050 WorkerThread "GC Thread#0"                     [id=12024, stack(0x000000f6a5700000,0x000000f6a5800000) (1024K)]
  0x0000027262453db0 ConcurrentGCThread "G1 Main Marker"            [id=18628, stack(0x000000f6a5800000,0x000000f6a5900000) (1024K)]
  0x00000272624547b0 WorkerThread "G1 Conc#0"                       [id=14116, stack(0x000000f6a5900000,0x000000f6a5a00000) (1024K)]

[error occurred during error reporting (printing all threads), id 0xc0000005, EXCEPTION_ACCESS_VIOLATION (0xc0000005) at pc=0x00007fff89cfc6a7]
VM state: not at safepoint (not fully initialized)

VM Mutex/Monitor currently owned by a thread:  ([mutex/lock_event])
[0x00007fff8a5fce68] Heap_lock - owner thread: 0x00000272600fd1a0

Heap address: 0x0000000703200000, size: 4046 MB, Compressed Oops mode: Zero based, Oop shift amount: 3

CDS archive(s) mapped at: [0x0000000000000000-0x0000000000000000-0x0000000000000000), size 0, SharedBaseAddress: 0x0000000800000000, ArchiveRelocationMode: 1.
Narrow klass base: 0x0000000000000000, Narrow klass shift: 0, Narrow klass range: 0x0

GC Precious Log:
 CardTable entry size: 512
 Card Set container configuration: InlinePtr #cards 4 size 8 Array Of Cards #cards 16 size 48 Howl #buckets 8 coarsen threshold 3686 Howl Bitmap #cards 512 size 80 coarsen threshold 460 Card regions per heap region 1 cards per card region 4096

Heap:
 garbage-first heap   total 0K, used 0K [0x0000000703200000, 0x0000000800000000)
  region size 2048K, 0 young (0K), 0 survivors (0K)

[error occurred during error reporting (printing heap information), id 0xc0000005, EXCEPTION_ACCESS_VIOLATION (0xc0000005) at pc=0x00007fff8a0e39f9]
GC Heap History (0 events):
No events

Dll operation events (1 events):
Event: 0.004 Loaded shared library C:\Users\edber\.jdks\openjdk-21.0.2\bin\java.dll

Deoptimization events (0 events):
No events

Classes loaded (0 events):
No events

Classes unloaded (0 events):
No events

Classes redefined (0 events):
No events

Internal exceptions (0 events):
No events

ZGC Phase Switch (0 events):
No events

VM Operations (0 events):
No events

Events (0 events):
No events


Dynamic libraries:
0x00007ff711af0000 - 0x00007ff711afe000 	C:\Users\edber\.jdks\openjdk-21.0.2\bin\java.exe
0x00007ff81bb70000 - 0x00007ff81bd87000 	C:\Windows\SYSTEM32\ntdll.dll
0x00007ff81a560000 - 0x00007ff81a624000 	C:\Windows\System32\KERNEL32.DLL
0x00007ff818f80000 - 0x00007ff819327000 	C:\Windows\System32\KERNELBASE.dll
0x00007ff8194f0000 - 0x00007ff819601000 	C:\Windows\System32\ucrtbase.dll
0x00007ffff0e10000 - 0x00007ffff0e2b000 	C:\Users\edber\.jdks\openjdk-21.0.2\bin\VCRUNTIME140.dll
0x00007ffff5b70000 - 0x00007ffff5b88000 	C:\Users\edber\.jdks\openjdk-21.0.2\bin\jli.dll
0x00007ff81b260000 - 0x00007ff81b40e000 	C:\Windows\System32\USER32.dll
0x00007ff818e90000 - 0x00007ff818eb6000 	C:\Windows\System32\win32u.dll
0x00007ff808d90000 - 0x00007ff809023000 	C:\Windows\WinSxS\amd64_microsoft.windows.common-controls_6595b64144ccf1df_6.0.22621.3527_none_270e469b73872a76\COMCTL32.dll
0x00007ff81a630000 - 0x00007ff81a659000 	C:\Windows\System32\GDI32.dll
0x00007ff81ba80000 - 0x00007ff81bb27000 	C:\Windows\System32\msvcrt.dll
0x00007ff819330000 - 0x00007ff819449000 	C:\Windows\System32\gdi32full.dll
0x00007ff819610000 - 0x00007ff8196aa000 	C:\Windows\System32\msvcp_win.dll
0x00007ff8198a0000 - 0x00007ff8198d1000 	C:\Windows\System32\IMM32.DLL
0x00007ff8092a0000 - 0x00007ff8092ac000 	C:\Users\edber\.jdks\openjdk-21.0.2\bin\vcruntime140_1.dll
0x00007fffab200000 - 0x00007fffab28e000 	C:\Users\edber\.jdks\openjdk-21.0.2\bin\msvcp140.dll
0x00007fff899c0000 - 0x00007fff8a6d7000 	C:\Users\edber\.jdks\openjdk-21.0.2\bin\server\jvm.dll
0x00007ff819be0000 - 0x00007ff819c92000 	C:\Windows\System32\ADVAPI32.dll
0x00007ff819ab0000 - 0x00007ff819b58000 	C:\Windows\System32\sechost.dll
0x00007ff8194c0000 - 0x00007ff8194e8000 	C:\Windows\System32\bcrypt.dll
0x00007ff8198e0000 - 0x00007ff8199f5000 	C:\Windows\System32\RPCRT4.dll
0x00007ff819eb0000 - 0x00007ff819f21000 	C:\Windows\System32\WS2_32.dll
0x00007ff810440000 - 0x00007ff810474000 	C:\Windows\SYSTEM32\WINMM.dll
0x00007ff817cd0000 - 0x00007ff817d1d000 	C:\Windows\SYSTEM32\POWRPROF.dll
0x00007ff8107c0000 - 0x00007ff8107ca000 	C:\Windows\SYSTEM32\VERSION.dll
0x00007ff817cb0000 - 0x00007ff817cc3000 	C:\Windows\SYSTEM32\UMPDC.dll
0x00007ff817ec0000 - 0x00007ff817ed8000 	C:\Windows\SYSTEM32\kernel.appcore.dll
0x00007ff802cb0000 - 0x00007ff802cba000 	C:\Users\edber\.jdks\openjdk-21.0.2\bin\jimage.dll
0x00007ff8163e0000 - 0x00007ff816612000 	C:\Windows\SYSTEM32\DBGHELP.DLL
0x00007ff81b590000 - 0x00007ff81b918000 	C:\Windows\System32\combase.dll
0x00007ff81a790000 - 0x00007ff81a867000 	C:\Windows\System32\OLEAUT32.dll
0x00007ff801270000 - 0x00007ff8012a2000 	C:\Windows\SYSTEM32\dbgcore.DLL
0x00007ff8196b0000 - 0x00007ff819729000 	C:\Windows\System32\bcryptPrimitives.dll
0x00007fffe6d10000 - 0x00007fffe6d2f000 	C:\Users\edber\.jdks\openjdk-21.0.2\bin\java.dll

dbghelp: loaded successfully - version: 4.0.5 - missing functions: none
symbol engine: initialized successfully - sym options: 0x614 - pdb path: .;C:\Users\edber\.jdks\openjdk-21.0.2\bin;C:\Windows\SYSTEM32;C:\Windows\WinSxS\amd64_microsoft.windows.common-controls_6595b64144ccf1df_6.0.22621.3527_none_270e469b73872a76;C:\Users\edber\.jdks\openjdk-21.0.2\bin\server

VM Arguments:
jvm_args: -Dnet.bytebuddy.agent.attacher.dump= 
java_command: net.bytebuddy.agent.Attacher com.sun.tools.attach.VirtualMachine 24492 C:\Users\edber\.gradle\caches\modules-2\files-2.1\net.bytebuddy\byte-buddy-agent\1.14.12\be4984cb6fd1ef1d11f218a648889dfda44b8a15\byte-buddy-agent-1.14.12.jar false 
java_class_path (initial): C:\Users\edber\.gradle\caches\modules-2\files-2.1\net.bytebuddy\byte-buddy-agent\1.14.12\be4984cb6fd1ef1d11f218a648889dfda44b8a15\byte-buddy-agent-1.14.12.jar
Launcher Type: SUN_STANDARD

[Global flags]
     intx CICompilerCount                          = 12                                        {product} {ergonomic}
     uint ConcGCThreads                            = 3                                         {product} {ergonomic}
     uint G1ConcRefinementThreads                  = 13                                        {product} {ergonomic}
   size_t G1HeapRegionSize                         = 2097152                                   {product} {ergonomic}
    uintx GCDrainStackTargetSize                   = 64                                        {product} {ergonomic}
   size_t InitialHeapSize                          = 266338304                                 {product} {ergonomic}
   size_t MarkStackSize                            = 4194304                                   {product} {ergonomic}
   size_t MaxHeapSize                              = 4242538496                                {product} {ergonomic}
   size_t MinHeapDeltaBytes                        = 2097152                                   {product} {ergonomic}
   size_t MinHeapSize                              = 8388608                                   {product} {ergonomic}
    uintx NonNMethodCodeHeapSize                   = 7602480                                {pd product} {ergonomic}
    uintx NonProfiledCodeHeapSize                  = 122027880                              {pd product} {ergonomic}
    uintx ProfiledCodeHeapSize                     = 122027880                              {pd product} {ergonomic}
    uintx ReservedCodeCacheSize                    = 251658240                              {pd product} {ergonomic}
     bool SegmentedCodeCache                       = true                                      {product} {ergonomic}
   size_t SoftMaxHeapSize                          = 4242538496                             {manageable} {ergonomic}
     bool UseCompressedOops                        = true                           {product lp64_product} {ergonomic}
     bool UseG1GC                                  = true                                      {product} {ergonomic}
     bool UseLargePagesIndividualAllocation        = false                                  {pd product} {ergonomic}

Logging:
Log output configuration:
 #0: stdout all=warning uptime,level,tags foldmultilines=false
 #1: stderr all=off uptime,level,tags foldmultilines=false

Environment Variables:
JAVA_HOME=C:\Program Files\Java\jdk-21
PATH=C:\Program Files\Common Files\Oracle\Java\javapath;C:\Program Files (x86)\Common Files\Oracle\Java\javapath;C:\Program Files\NVIDIA GPU Computing Toolkit\CUDA\v12.1\bin;C:\Program Files\NVIDIA GPU Computing Toolkit\CUDA\v12.1\libnvvp;C:\Program Files\NVIDIA GPU Computing Toolkit\CUDA\v11.8\bin;C:\Program Files\NVIDIA GPU Computing Toolkit\CUDA\v11.8\libnvvp;C:\Program Files (x86)\Common Files\Intel\Shared Libraries\redist\intel64\compiler;C:\Windows\system32;C:\Windows;C:\Windows\System32\Wbem;C:\Windows\System32\WindowsPowerShell\v1.0\;C:\Windows\System32\OpenSSH\;C:\Program Files (x86)\NVIDIA Corporation\PhysX\Common;C:\Program Files\NVIDIA Corporation\NVIDIA NvDLISR;C:\MinGW\bin;C:\Program Files\NVIDIA Corporation\Nsight Compute 2023.1.1\;C:\ProgramData\chocolatey\bin;C:\Program Files\Git\cmd;C:\Users\edber\AppData\Local\Android\Sdk;C:\Program Files\Java\jdk-20\bin;E:\nodejs\;C:\Program Files\PuTTY\;C:\Program Files\Docker\Docker\resources\bin;C:\Program Files\PowerShell\7\;C:\minikube;C:\Users\edber\.cargo\bin;C:\Users\edber\AppData\Local\Programs\Python\Python311\Scripts\;C:\Users\edber\AppData\Local\Programs\Python\Python311\;C:\Users\edber\AppData\Local\Microsoft\WindowsApps;C:\Users\edber\AppData\Local\Programs\Microsoft VS Code\bin;C:\Users\edber\OneDrive\Documents\FlutterDev\flutter\bin;C:\Users\edber\AppData\Roaming\npm;C:\Program Files\PostgreSQL\16\bin;
USERNAME=edber
OS=Windows_NT
PROCESSOR_IDENTIFIER=Intel64 Family 6 Model 186 Stepping 2, GenuineIntel
TMP=C:\Users\edber\AppData\Local\Temp
TEMP=C:\Users\edber\AppData\Local\Temp




Periodic native trim disabled

---------------  S Y S T E M  ---------------

OS:
 Windows 11 , 64 bit Build 22621 (10.0.22621.3527)
OS uptime: 0 days 16:27 hours
Hyper-V role detected

CPU: total 16 (initial active 16) (8 cores per cpu, 2 threads per core) family 6 model 186 stepping 2 microcode 0x410e, cx8, cmov, fxsr, ht, mmx, 3dnowpref, sse, sse2, sse3, ssse3, sse4.1, sse4.2, popcnt, lzcnt, tsc, tscinvbit, avx, avx2, aes, erms, clmul, bmi1, bmi2, adx, sha, fma, vzeroupper, clflush, clflushopt, clwb, hv, serialize, rdtscp, rdpid, fsrm, f16c, cet_ibt, cet_ss
Processor Information for processor 0
  Max Mhz: 2400, Current Mhz: 2400, Mhz Limit: 2400
Processor Information for processor 1
  Max Mhz: 2400, Current Mhz: 2400, Mhz Limit: 2400
Processor Information for processor 2
  Max Mhz: 2400, Current Mhz: 2400, Mhz Limit: 2400
Processor Information for processor 3
  Max Mhz: 2400, Current Mhz: 2400, Mhz Limit: 2400
Processor Information for processor 4
  Max Mhz: 2400, Current Mhz: 2400, Mhz Limit: 2400
Processor Information for processor 5
  Max Mhz: 2400, Current Mhz: 2400, Mhz Limit: 2400
Processor Information for processor 6
  Max Mhz: 2400, Current Mhz: 2400, Mhz Limit: 2400
Processor Information for processor 7
  Max Mhz: 2400, Current Mhz: 2400, Mhz Limit: 2400
Processor Information for processor 8
  Max Mhz: 2400, Current Mhz: 2400, Mhz Limit: 2400
Processor Information for processor 9
  Max Mhz: 2400, Current Mhz: 2400, Mhz Limit: 2400
Processor Information for processor 10
  Max Mhz: 2400, Current Mhz: 2400, Mhz Limit: 2400
Processor Information for processor 11
  Max Mhz: 2400, Current Mhz: 2400, Mhz Limit: 2400
Processor Information for processor 12
  Max Mhz: 2400, Current Mhz: 1800, Mhz Limit: 1800
Processor Information for processor 13
  Max Mhz: 2400, Current Mhz: 1800, Mhz Limit: 1800
Processor Information for processor 14
  Max Mhz: 2400, Current Mhz: 1800, Mhz Limit: 1800
Processor Information for processor 15
  Max Mhz: 2400, Current Mhz: 1800, Mhz Limit: 1800

Memory: 4k page, system-wide physical 16176M (3039M free)
TotalPageFile size 20272M (AvailPageFile size 246M)
current process WorkingSet (physical memory assigned to process): 11M, peak: 11M
current process commit charge ("private bytes"): 70M, peak: 324M

vm_info: OpenJDK 64-Bit Server VM (21.0.2+13-58) for windows-amd64 JRE (21.0.2+13-58), built on 2024-01-05T18:32:24Z by "mach5one" with MS VC++ 17.1 (VS2022)

END.
