#
# There is insufficient memory for the Java Runtime Environment to continue.
# Native memory allocation (mmap) failed to map 266338304 bytes for G1 virtual space
# Possible reasons:
#   The system is out of physical RAM or swap space
#   The process is running with CompressedOops enabled, and the Java Heap may be blocking the growth of the native heap
# Possible solutions:
#   Reduce memory load on the system
#   Increase physical memory or swap space
#   Check if swap backing store is full
#   Decrease Java heap size (-Xmx/-Xms)
#   Decrease number of Java threads
#   Decrease Java thread stack sizes (-Xss)
#   Set larger code cache with -XX:ReservedCodeCacheSize=
#   JVM is running with Unscaled Compressed Oops mode in which the Java heap is
#     placed in the first 4GB address space. The Java Heap base address is the
#     maximum limit for the native heap growth. Please use -XX:HeapBaseMinAddress
#     to set the Java Heap base and to place the Java Heap above 4GB virtual address.
# This output file may be truncated or incomplete.
#
#  Out of Memory Error (os_windows.cpp:3600), pid=8640, tid=15216
#
# JRE version:  (21.0.3+7) (build )
# Java VM: Java HotSpot(TM) 64-Bit Server VM (21.0.3+7-LTS-152, mixed mode, sharing, tiered, compressed oops, compressed class ptrs, g1 gc, windows-amd64)
# No core dump will be written. Minidumps are not enabled by default on client versions of Windows
#

---------------  S U M M A R Y ------------

Command Line: -Dorg.gradle.internal.worker.tmpdir=E:\Kuliah\Sem4\Adpro\bookshop\build\tmp\test\work -Dorg.gradle.native=false -javaagent:E:\Kuliah\Sem4\Adpro\bookshop\build\tmp\.cache\expanded\zip_cde35f471dab581134460fc9a50e2c59\jacocoagent.jar=destfile=build/jacoco/test.exec,append=true,inclnolocationclasses=false,dumponexit=true,output=file,jmx=false -Xmx512m -Dfile.encoding=UTF-8 -Duser.country=ID -Duser.language=en -Duser.variant -ea worker.org.gradle.process.internal.worker.GradleWorkerMain 'Gradle Test Executor 14'

Host: 13th Gen Intel(R) Core(TM) i7-13620H, 16 cores, 15G,  Windows 11 , 64 bit Build 22621 (10.0.22621.3527)
Time: Sun May 26 22:02:08 2024 SE Asia Standard Time elapsed time: 0.005493 seconds (0d 0h 0m 0s)

---------------  T H R E A D  ---------------

Current thread (0x000002838cbca570):  JavaThread "Unknown thread" [_thread_in_vm, id=15216, stack(0x000000d781300000,0x000000d781400000) (1024K)]

Stack: [0x000000d781300000,0x000000d781400000]
Native frames: (J=compiled Java code, j=interpreted, Vv=VM code, C=native code)
V  [jvm.dll+0x6c63b9]
V  [jvm.dll+0x84fa11]
V  [jvm.dll+0x851f3e]
V  [jvm.dll+0x852613]
V  [jvm.dll+0x27cd46]
V  [jvm.dll+0x6c2b55]
V  [jvm.dll+0x6b76da]
V  [jvm.dll+0x35051a]
V  [jvm.dll+0x358176]
V  [jvm.dll+0x3aa84e]
V  [jvm.dll+0x3aaaf8]
V  [jvm.dll+0x32491c]
V  [jvm.dll+0x32547b]
V  [jvm.dll+0x818f69]
V  [jvm.dll+0x3b7771]
V  [jvm.dll+0x802358]
V  [jvm.dll+0x44c7ce]
V  [jvm.dll+0x44e2a1]
C  [jli.dll+0x52a3]
C  [ucrtbase.dll+0x29333]
C  [KERNEL32.DLL+0x1257d]
C  [ntdll.dll+0x5aa48]


---------------  P R O C E S S  ---------------

Threads class SMR info:
_java_thread_list=0x00007fffa4a41b88, length=0, elements={
}

Java Threads: ( => current thread )
Total: 0

Other Threads:
  0x000002838cbf6a90 WorkerThread "GC Thread#0"                     [id=17380, stack(0x000000d781400000,0x000000d781500000) (1024K)]
  0x000002838cbfb980 ConcurrentGCThread "G1 Main Marker"            [id=26496, stack(0x000000d781500000,0x000000d781600000) (1024K)]
  0x000002838cbfc540 WorkerThread "G1 Conc#0"                       [id=4288, stack(0x000000d781600000,0x000000d781700000) (1024K)]

[error occurred during error reporting (printing all threads), id 0xc0000005, EXCEPTION_ACCESS_VIOLATION (0xc0000005) at pc=0x00007fffa41b7077]
VM state: not at safepoint (not fully initialized)

VM Mutex/Monitor currently owned by a thread:  ([mutex/lock_event])
[0x00007fffa4ab2ea8] Heap_lock - owner thread: 0x000002838cbca570

Heap address: 0x00000000e0000000, size: 512 MB, Compressed Oops mode: 32-bit

CDS archive(s) mapped at: [0x0000000000000000-0x0000000000000000-0x0000000000000000), size 0, SharedBaseAddress: 0x0000000800000000, ArchiveRelocationMode: 1.
Narrow klass base: 0x0000000000000000, Narrow klass shift: 0, Narrow klass range: 0x0

GC Precious Log:
 CardTable entry size: 512
 Card Set container configuration: InlinePtr #cards 5 size 8 Array Of Cards #cards 12 size 40 Howl #buckets 4 coarsen threshold 1843 Howl Bitmap #cards 512 size 80 coarsen threshold 460 Card regions per heap region 1 cards per card region 2048

Heap:
 garbage-first heap   total 0K, used 0K [0x00000000e0000000, 0x0000000100000000)
  region size 1024K, 0 young (0K), 0 survivors (0K)

[error occurred during error reporting (printing heap information), id 0xc0000005, EXCEPTION_ACCESS_VIOLATION (0xc0000005) at pc=0x00007fffa459e669]
GC Heap History (0 events):
No events

Dll operation events (1 events):
Event: 0.004 Loaded shared library C:\Program Files\Java\jdk-21\bin\java.dll

Deoptimization events (0 events):
No events

Classes loaded (0 events):
No events

Classes unloaded (0 events):
No events

Classes redefined (0 events):
No events

Internal exceptions (0 events):
No events

ZGC Phase Switch (0 events):
No events

VM Operations (0 events):
No events

Events (0 events):
No events


Dynamic libraries:
0x00007ff65b3f0000 - 0x00007ff65b400000 	C:\Program Files\Java\jdk-21\bin\java.exe
0x00007ff81bb70000 - 0x00007ff81bd87000 	C:\Windows\SYSTEM32\ntdll.dll
0x00007ff81a560000 - 0x00007ff81a624000 	C:\Windows\System32\KERNEL32.DLL
0x00007ff818f80000 - 0x00007ff819327000 	C:\Windows\System32\KERNELBASE.dll
0x00007ff8194f0000 - 0x00007ff819601000 	C:\Windows\System32\ucrtbase.dll
0x00007ff800c30000 - 0x00007ff800c4b000 	C:\Program Files\Java\jdk-21\bin\VCRUNTIME140.dll
0x00007ff800c10000 - 0x00007ff800c29000 	C:\Program Files\Java\jdk-21\bin\jli.dll
0x00007ff819be0000 - 0x00007ff819c92000 	C:\Windows\System32\ADVAPI32.dll
0x00007ff81ba80000 - 0x00007ff81bb27000 	C:\Windows\System32\msvcrt.dll
0x00007ff819ab0000 - 0x00007ff819b58000 	C:\Windows\System32\sechost.dll
0x00007ff8194c0000 - 0x00007ff8194e8000 	C:\Windows\System32\bcrypt.dll
0x00007ff8198e0000 - 0x00007ff8199f5000 	C:\Windows\System32\RPCRT4.dll
0x00007ff81b260000 - 0x00007ff81b40e000 	C:\Windows\System32\USER32.dll
0x00007ff818e90000 - 0x00007ff818eb6000 	C:\Windows\System32\win32u.dll
0x00007ff808d90000 - 0x00007ff809023000 	C:\Windows\WinSxS\amd64_microsoft.windows.common-controls_6595b64144ccf1df_6.0.22621.3527_none_270e469b73872a76\COMCTL32.dll
0x00007ff81a630000 - 0x00007ff81a659000 	C:\Windows\System32\GDI32.dll
0x00007ff819330000 - 0x00007ff819449000 	C:\Windows\System32\gdi32full.dll
0x00007ff819610000 - 0x00007ff8196aa000 	C:\Windows\System32\msvcp_win.dll
0x00007ff8107c0000 - 0x00007ff8107ca000 	C:\Windows\SYSTEM32\VERSION.dll
0x00007ff8198a0000 - 0x00007ff8198d1000 	C:\Windows\System32\IMM32.DLL
0x00007ff810510000 - 0x00007ff81051c000 	C:\Program Files\Java\jdk-21\bin\vcruntime140_1.dll
0x00007fffaf7d0000 - 0x00007fffaf85e000 	C:\Program Files\Java\jdk-21\bin\msvcp140.dll
0x00007fffa3e80000 - 0x00007fffa4b8d000 	C:\Program Files\Java\jdk-21\bin\server\jvm.dll
0x00007ff819eb0000 - 0x00007ff819f21000 	C:\Windows\System32\WS2_32.dll
0x00007ff817cd0000 - 0x00007ff817d1d000 	C:\Windows\SYSTEM32\POWRPROF.dll
0x00007ff810440000 - 0x00007ff810474000 	C:\Windows\SYSTEM32\WINMM.dll
0x00007ff817cb0000 - 0x00007ff817cc3000 	C:\Windows\SYSTEM32\UMPDC.dll
0x00007ff817ec0000 - 0x00007ff817ed8000 	C:\Windows\SYSTEM32\kernel.appcore.dll
0x00007ff80b590000 - 0x00007ff80b59a000 	C:\Program Files\Java\jdk-21\bin\jimage.dll
0x00007ff8163e0000 - 0x00007ff816612000 	C:\Windows\SYSTEM32\DBGHELP.DLL
0x00007ff81b590000 - 0x00007ff81b918000 	C:\Windows\System32\combase.dll
0x00007ff81a790000 - 0x00007ff81a867000 	C:\Windows\System32\OLEAUT32.dll
0x00007ff801270000 - 0x00007ff8012a2000 	C:\Windows\SYSTEM32\dbgcore.DLL
0x00007ff8196b0000 - 0x00007ff819729000 	C:\Windows\System32\bcryptPrimitives.dll
0x00007fffd6290000 - 0x00007fffd629f000 	C:\Program Files\Java\jdk-21\bin\instrument.dll
0x00007fffe81a0000 - 0x00007fffe81bf000 	C:\Program Files\Java\jdk-21\bin\java.dll

dbghelp: loaded successfully - version: 4.0.5 - missing functions: none
symbol engine: initialized successfully - sym options: 0x614 - pdb path: .;C:\Program Files\Java\jdk-21\bin;C:\Windows\SYSTEM32;C:\Windows\WinSxS\amd64_microsoft.windows.common-controls_6595b64144ccf1df_6.0.22621.3527_none_270e469b73872a76;C:\Program Files\Java\jdk-21\bin\server

VM Arguments:
jvm_args: -Dorg.gradle.internal.worker.tmpdir=E:\Kuliah\Sem4\Adpro\bookshop\build\tmp\test\work -Dorg.gradle.native=false -javaagent:E:\Kuliah\Sem4\Adpro\bookshop\build\tmp\.cache\expanded\zip_cde35f471dab581134460fc9a50e2c59\jacocoagent.jar=destfile=build/jacoco/test.exec,append=true,inclnolocationclasses=false,dumponexit=true,output=file,jmx=false -Xmx512m -Dfile.encoding=UTF-8 -Duser.country=ID -Duser.language=en -Duser.variant -ea 
java_command: worker.org.gradle.process.internal.worker.GradleWorkerMain 'Gradle Test Executor 14'
java_class_path (initial): C:\\Users\\edber\\.gradle\\caches\\8.7\\workerMain\\gradle-worker.jar;E:\\Kuliah\\Sem4\\Adpro\\bookshop\\build\\classes\\java\\test;E:\\Kuliah\\Sem4\\Adpro\\bookshop\\build\\classes\\java\\main;E:\\Kuliah\\Sem4\\Adpro\\bookshop\\build\\resources\\main;C:\\Users\\edber\\.gradle\\caches\\modules-2\\files-2.1\\org.springframework.boot\\spring-boot-starter-actuator\\3.2.4\\a26cd0ab56f912d2aa44504042af06f15d3d1a80\\spring-boot-starter-actuator-3.2.4.jar;C:\\Users\\edber\\.gradle\\caches\\modules-2\\files-2.1\\io.micrometer\\micrometer-registry-prometheus\\1.12.4\\6096028aa6df769fc10885cfc8a70d484114971f\\micrometer-registry-prometheus-1.12.4.jar;C:\\Users\\edber\\.gradle\\caches\\modules-2\\files-2.1\\org.springframework.boot\\spring-boot-starter-web\\3.2.4\\a74df12b71060da7c8e87f9a8c2ef4ea43fc8017\\spring-boot-starter-web-3.2.4.jar;C:\\Users\\edber\\.gradle\\caches\\modules-2\\files-2.1\\org.springframework.boot\\spring-boot-starter-data-jpa\\3.2.4\\d8c5f393d9b18d96021b3e02d80e4356c5cbe0f7\\spring-boot-starter-data-jpa-3.2.4.jar;C:\\Users\\edber\\.gradle\\caches\\modules-2\\files-2.1\\org.springframework.boot\\spring-boot-starter-validation\\3.2.4\\5f43697d1f24a19414bcaec3733dab5b6c24d1da\\spring-boot-starter-validation-3.2.4.jar;C:\\Users\\edber\\.gradle\\caches\\modules-2\\files-2.1\\org.postgresql\\postgresql\\42.6.2\\18c33c28326b2f81480833291b81f5eca080ab3c\\postgresql-42.6.2.jar;C:\\Users\\edber\\.gradle\\caches\\modules-2\\files-2.1\\com.h2database\\h2\\2.2.224\\7bdade27d8cd197d9b5ce9dc251f41d2edc5f7ad\\h2-2.2.224.jar;C:\\Users\\edber\\.gradle\\caches\\modules-2\\files-2.1\\org.springframework.boot\\spring-boot-starter-test\\3.2.4\\b0d6d874f2e67861fe17a72435f288b9cc29d6a7\\spring-boot-starter-test-3.2.4.jar;C:\\Users\\edber\\.gradle\\caches\\modules-2\\files-2.1\\org.springframework.boot\\spring-boot-starter-json\\3.2.4\\ef3f72369ce7f6f7a7b02c0b23e60ef5bdf581b1\\spring-boot-starter-json-3.2.4.jar;C:\\Users\\edber\\.gradle\\caches\\modules-2\\files-2.1\\org.springframework.boot\\spring-boot-starter-aop\\3.2.4\\11aedc0a23c43947608f2122eed08eabe5e2994c\\spring-boot-starter-aop-3.2.4.jar;C:\\Users\\edber\\.gradle\\caches\\modules-2\\files-2.1\\org.springframework.boot\\spring-boot-starter-jdbc\\3.2.4\\7dd399e7ba19d62cae32be6e20edac37ff8fcbc0\\spring-boot-starter-jdbc-3.2.4.jar;C:\\Users\\edber\\.gradle\\caches\\modules-2\\files-2.1\\org.springframework.boot\\spring-boot-starter\\3.2.4\\842cf7f0ed2ecfef3011f3191fc53c59ceed752\\spring-boot-starter-3.2.4.jar;C:\\Users\\edber\\.gradle\\caches\\modules-2\\files-2.1\\org.springframework.boot\\spring-boot-actuator-autoconfigure\\3.2.4\\fc5d94aa9b147786d60379f7365cb4bf6766cdad\\spring-boot-actuator-autoconfigure-3.2.4.jar;C:\\Users\\edber\\.gradle\\caches\\modules-2\\files-2.1\\io.micrometer\\micrometer-jakarta9\\1.12.4\\354b0798834e415a64f16125e27a1a7e5dc0aee4\\micrometer-jakarta9-1.12.4.jar;C:\\Users\\edber\\.gradle\\caches\\modules-2\\files-2.1\\io.micrometer\\micrometer-core\\1.12.4\\d5b91e2847de7c1213889c532789743eb2f96337\\micrometer-core-1.12.4.jar;C:\\Users\\edber\\.gradle\\caches\\modules-2\\files-2.1\\org.springframework\\spring-webmvc\\6.1.5\\92809fce136e0b662dc9325529443386ba5ec2c6\\spring-webmvc-6.1.5.jar;C:\\Users\\edber\\.gradle\\caches\\modules-2\\files-2.1\\org.springframework\\spring-web\\6.1.5\\4f4e92cc52ee33260f1ee0cdc7b7a2f22d49708c\\spring-web-6.1.5.jar;C:\\Users\\edber\\.gradle\\caches\\modules-2\\files-2.1\\org.springframework.data\\spring-data-jpa\\3.2.4\\1932f90c487999575b57ad41986de96c8ebf5843\\spring-data-jpa-3.2.4.jar;C:\\Users\\edber\\.gradle\\caches\\modules-2\\files-2.1\\org.springframework.boot\\spring-boot-test-autoconfigure\\3.2.4\\4b566e3ed0d326b5b3158ec032c1fb570786fe4a\\spring-boot-test-autoconfigure-3.2.4.jar;C:\\Users\\edber\\.gradle\\caches\\modules-2\\files-2.1\\org.springframework.boot\\spring-boot-test\\3.2.4\\7c58670bfa752b6d3b03298d4657d34e11eb46bb\\spring-boot-test-3.2.4.jar;C:\\Users\\edber\\.gradle\\caches\\modules-2\\files-2.1\\org.springframework.boot\\spring-boot-autoconfigure\\3.2.4\\b3f481aff8f0775f44d78399c804a8c52d75b971\\spring-boot-autoconfigure-3.2.4.jar;C:\\Users\\edber\\.gradle\\caches\\modules-2\\files-2.1\\org.springframework.boot\\spring-boot-actuator\\3.2.4\\9921454129e42a4c6806240885ed763eb874cd24\\spring-boot-actuator-3.2.4.jar;C:\\Users\\edber\\.gradle\\caches\\modules-2\\files-2.1\\org.springframework.boot\\spring-boot\\3.2.4\\ccb7cbb30dcf1d91dbbf20a3219a457eead46601\\spring-boot-3.2.4.jar;C:\\Users\\edber\\.gradle\\caches\\modules-2\\files-2.1\\org.springframework\\spring-context\\6.1.5\\735d1bd7372d7c53e7b31b4a9c980ce2e0b26424\\spring-context-6.1.5.jar;C:\\Users\\edber\\.gradle\\caches\\modules-2\\files-2.1\\io.micrometer\\micrometer-observation\\1.12.4\\492deebbd9b8ab23f588428f66578e21af266e01\\micrometer-observation-1.12.4.jar;C:\\Users\\edber\\.gradle\\caches\\modules-2\\files-2.1\\io.prometheus\\simpleclient_common\\0.16.0\\a09a8c790a20309b942a9fdbfe77da22407096e6\\simpleclient_common-0.16.0.jar;C:\\Users\\edber\\.gradle\\caches\\modules-2\\files-2.1\\org.springframework.boot\\spring-boot-starter-tomcat\\3.2.4\\ffa632eeaaf1a4e807ec4bbcc1938f7d43096472\\spring-boot-starter-tomcat-3.2.4.jar;C:\\Users\\edber\\.gradle\\caches\\modules-2\\files-2.1\\org.hibernate.orm\\hibernate-core\\6.4.4.Final\\5c9decb3c5a70bf7801d41fc32633416c26be069\\hibernate-core-6.4.4.Final.jar;C:\\Users\\edber\\.gradle\\caches\\modules-2\\files-2.1\\org.springframework\\spring-aspects\\6.1.5\\202d9da55e24fec2eda80bbc3cd87fbefc0e1256\\spring-aspects-6.1.5.jar;C:\\Users\\edber\\.gradle\\caches\\modules-2\\files-2.1\\org.apache.tomcat.embed\\tomcat-embed-el\\10.1.19\\c61a582c391aca130884a5421deedfe1a96c7415\\tomcat-embed-el-10.1.19.jar;C:\\Users\\edber\\.gradle\\caches\\modules-2\\files-2.1\\org.hibernate.validator\\hibernate-validator\\8.0.1.Final\\e49e116b3d3928060599b176b3538bb848718e95\\hibernate-validator-8.0.1.Final.jar;C:\\Users\\edber\\.gradle\\caches\\modules-2\\files-2.1\\org.checkerframework\\checker-qual\\3.31.0\\eeefd4af42e2f4221d145c1791582f91868f99ab\\checker-qual-3.31.0.jar;C:\\Users\\edber\\.gradle\\caches\\modules-2\\files-2.1\\com.jayway.jsonpath\\json-path\\2.9.0\\37fe2217f577b0b68b18e62c4d17a8858ecf9b69\\json-path-2.9.0.jar;C:\\Users\\edber\\.gradle\\caches\\modules-2\\files-2.1\\org.glassfish.jaxb\\jaxb-runtime\\4.0.5\\ca84c2a7169b5293e232b9d00d1e4e36d4c3914a\\jaxb-runtime-4.0.5.jar;C:\\Users\\edber\\.gradle\\caches\\modules-2\\files-2.1\\org.glassfish.jaxb\\jaxb-core\\4.0.5\\7b4b11ea5542eea4ad55e1080b23be436795b3\\jaxb-core-4.0.5.jar;C:\\Users\\edber\\.gradle\\caches\\modules-2\\files-2.1\\jakarta.xml.bind\\jakarta.xml.bind-api\\4.0.2\\6cd5a999b834b63238005b7144136379dc36cad2\\jakarta.xml.bind-api-4.0.2.jar;C:\\Users\\edber\\.gradle\\caches\\modules-2\\files-2.1\\net.minidev\\json-smart\\2.5.0\\57a64f421b472849c40e77d2e7cce3a141b41e99\\json-smart-2.5.0.jar;C:\\Users\\edber\\.gradle\\caches\\modules-2\\files-2.1\\org.assertj\\assertj-core\\3.24.2\\ebbf338e33f893139459ce5df023115971c2786f\\assertj-core-3.24.2.jar;C:\\Users\\edber\\.gradle\\caches\\modules-2\\files-2.1\\org.awaitility\\awaitility\\4.2.0\\2c39784846001a9cffd6c6b89c78de62c0d80fb8\\awaitility-4.2.0.jar;C:\\Users\\edber\\.gradle\\caches\\modules-2\\files-2.1\\org.hamcrest\\hamcrest\\2.2\\1820c0968dba3a11a1b30669bb1f01978a91dedc\\hamcrest-2.2.jar;C:\\Users\\edber\\.gradle\\caches\\modules-2\\files-2.1\\org.mockito\\mockito-junit-jupiter\\5.7.0\\ac2d6a3431747a7986b8f4abef465f72bf3a21ae\\mockito-junit-jupiter-5.7.0.jar;C:\\Users\\edber\\.gradle\\caches\\modules-2\\files-2.1\\org.junit.jupiter\\junit-jupiter-params\\5.10.2\\359132c82a9d3fa87a325db6edd33b5fdc67a3d8\\junit-jupiter-params-5.10.2.jar;C:\\Users\\edber\\.gradle\\caches\\modules-2\\files-2.1\\org.junit.jupiter\\junit-jupiter-engine\\5.10.2\\f1f8fe97bd58e85569205f071274d459c2c4f8cd\\junit-jupiter-engine-5.10.2.jar;C:\\Users\\edber\\.gradle\\caches\\modules-2\\files-2.1\\org.junit.jupiter\\junit-jupiter-api\\5.10.2\\fb55d6e2bce173f35fd28422e7975539621055ef\\junit-jupiter-api-5.10.2.jar;C:\\Users\\edber\\.gradle\\caches\\modules-2\\files-2.1\\org.junit.platform\\junit-platform-engine\\1.10.2\\d53bb4e0ce7f211a498705783440614bfaf0df2e\\junit-platform-engine-1.10.2.jar;C:\\Users\\edber\\.gradle\\caches\\modules-2\\files-2.1\\org.junit.platform\\junit-platform-commons\\1.10.2\\3197154a1f0c88da46c47a9ca27611ac7ec5d797\\junit-platform-commons-1.10.2.jar;C:\\Users\\edber\\.gradle\\caches\\modules-2\\files-2.1\\org.junit.jupiter\\junit-jupiter\\5.10.2\\831c0b86ddc2ce38391c5b81ea662b0cfdc02cce\\junit-jupiter-5.10.2.jar;C:\\Users\\edber\\.gradle\\caches\\modules-2\\files-2.1\\org.mockito\\mockito-core\\5.7.0\\a1c258331ab91d66863c983aff7136357e9de056\\mockito-core-5.7.0.jar;C:\\Users\\edber\\.gradle\\caches\\modules-2\\files-2.1\\org.skyscreamer\\jsonassert\\1.5.1\\6d842d0faf4cf6725c509a5e5347d319ee0431c3\\jsonassert-1.5.1.jar;C:\\Users\\edber\\.gradle\\caches\\modules-2\\files-2.1\\org.springframework\\spring-test\\6.1.5\\7713127b756a14bdaa363ab6fb52b5363139f779\\spring-test-6.1.5.jar;C:\\Users\\edber\\.gradle\\caches\\modules-2\\files-2.1\\org.springframework\\spring-aop\\6.1.5\\a4f596bd3c55b6cec93f0e2e7245dd0bab8afec3\\spring-aop-6.1.5.jar;C:\\Users\\edber\\.gradle\\caches\\modules-2\\files-2.1\\org.springframework\\spring-orm\\6.1.5\\d2dc2b996680fcc8ae5aea294f0ce6bda5577c7c\\spring-orm-6.1.5.jar;C:\\Users\\edber\\.gradle\\caches\\modules-2\\files-2.1\\org.springframework\\spring-jdbc\\6.1.5\\e8617dcddd3377c809b3e62c325fcb923163cb20\\spring-jdbc-6.1.5.jar;C:\\Users\\edber\\.gradle\\caches\\modules-2\\files-2.1\\org.springframework.data\\spring-data-commons\\3.2.4\\c934470822afb9f0751915b229d6fe28ff5e1ac2\\spring-data-commons-3.2.4.jar;C:\\Users\\edber\\.gradle\\caches\\modules-2\\files-2.1\\org.springframework\\spring-tx\\6.1.5\\90e95f4c3e30f9ecaef6ba53186ed21afebba618\\spring-tx-6.1.5.jar;C:\\Users\\edber\\.gradle\\caches\\modules-2\\files-2.1\\org.springframework\\spring-beans\\6.1.5\\9ae967f467281c9bb977585ef4d5ea7351704d60\\spring-beans-6.1.5.jar;C:\\Users\\edber\\.gradle\\caches\\modules-2\\files-2.1\\org.springframework\\spring-expression\\6.1.5\\7e21cb1c6bbef1509e12d485b75ffc61278d9fa7\\spring-expression-6.1.5.jar;C:\\Users\\edber\\.gradle\\caches\\modules-2\\files-2.1\\org.springframework\\spring-core\\6.1.5\\6dae1b06ffacbb9abab636be2dbc6acd3b6e5d68\\spring-core-6.1.5.jar;C:\\Users\\edber\\.gradle\\caches\\modules-2\\files-2.1\\org.xmlunit\\xmlunit-core\\2.9.1\\e5833662d9a1279a37da3ef6f62a1da29fcd68c4\\xmlunit-core-2.9.1.jar;C:\\Users\\edber\\.gradle\\caches\\modules-2\\files-2.1\\org.springframework.boot\\spring-boot-starter-logging\\3.2.4\\32616f4a33ec0fda0c54aaa67ab10dc78df3fd78\\spring-boot-starter-logging-3.2.4.jar;C:\\Users\\edber\\.gradle\\caches\\modules-2\\files-2.1\\jakarta.annotation\\jakarta.annotation-api\\2.1.1\\48b9bda22b091b1f48b13af03fe36db3be6e1ae3\\jakarta.annotation-api-2.1.1.jar;C:\\Users\\edber\\.gradle\\caches\\modules-2\\files-2.1\\org.yaml\\snakeyaml\\2.2\\3af797a25458550a16bf89acc8e4ab2b7f2bfce0\\snakeyaml-2.2.jar;C:\\Users\\edber\\.gradle\\caches\\modules-2\\files-2.1\\com.fasterxml.jackson.datatype\\jackson-datatype-jdk8\\2.15.4\\694777f182334a21bf1aeab1b04cc4398c801f3f\\jackson-datatype-jdk8-2.15.4.jar;C:\\Users\\edber\\.gradle\\caches\\modules-2\\files-2.1\\com.fasterxml.jackson.module\\jackson-module-parameter-names\\2.15.4\\e654497a08359db2521b69b5f710e00836915d8c\\jackson-module-parameter-names-2.15.4.jar;C:\\Users\\edber\\.gradle\\caches\\modules-2\\files-2.1\\com.fasterxml.jackson.core\\jackson-annotations\\2.15.4\\5223ea5a9bf52cdc9c5e537a0e52f2432eaf208b\\jackson-annotations-2.15.4.jar;C:\\Users\\edber\\.gradle\\caches\\modules-2\\files-2.1\\com.fasterxml.jackson.core\\jackson-core\\2.15.4\\aebe84b45360debad94f692a4074c6aceb535fa0\\jackson-core-2.15.4.jar;C:\\Users\\edber\\.gradle\\caches\\modules-2\\files-2.1\\com.fasterxml.jackson.datatype\\jackson-datatype-jsr310\\2.15.4\\7de629770a4559db57128d35ccae7d2fddd35db3\\jackson-datatype-jsr310-2.15.4.jar;C:\\Users\\edber\\.gradle\\caches\\modules-2\\files-2.1\\com.fasterxml.jackson.core\\jackson-databind\\2.15.4\\560309fc381f77d4d15c4a4cdaa0db5025c4fd13\\jackson-databind-2.15.4.jar;C:\\Users\\edber\\.gradle\\caches\\modules-2\\files-2.1\\io.micrometer\\micrometer-commons\\1.12.4\\a57f10c78956b38087f97beae66cf14cb8b08d34\\micrometer-commons-1.12.4.jar;C:\\Users\\edber\\.gradle\\caches\\modules-2\\files-2.1\\org.hdrhistogram\\HdrHistogram\\2.1.12\\6eb7552156e0d517ae80cc2247be1427c8d90452\\HdrHistogram-2.1.12.jar;C:\\Users\\edber\\.gradle\\caches\\modules-2\\files-2.1\\org.latencyutils\\LatencyUtils\\2.0.3\\769c0b82cb2421c8256300e907298a9410a2a3d3\\LatencyUtils-2.0.3.jar;C:\\Users\\edber\\.gradle\\caches\\modules-2\\files-2.1\\io.prometheus\\simpleclient\\0.16.0\\28b0eaf7c500c506976da8d0fc9cad6c278e8d87\\simpleclient-0.16.0.jar;C:\\Users\\edber\\.gradle\\caches\\modules-2\\files-2.1\\org.apache.tomcat.embed\\tomcat-embed-websocket\\10.1.19\\adf4710fac2471236f8a466ca678cdf7e6a8257c\\tomcat-embed-websocket-10.1.19.jar;C:\\Users\\edber\\.gradle\\caches\\modules-2\\files-2.1\\org.apache.tomcat.embed\\tomcat-embed-core\\10.1.19\\3dbbca8acbd4dd6a137c3d6f934a2931512b42ce\\tomcat-embed-core-10.1.19.jar;C:\\Users\\edber\\.gradle\\caches\\modules-2\\files-2.1\\org.aspectj\\aspectjweaver\\1.9.21\\beaabaea95c7f3330f415c72ee0ffe79b51d172f\\aspectjweaver-1.9.21.jar;C:\\Users\\edber\\.gradle\\caches\\modules-2\\files-2.1\\com.zaxxer\\HikariCP\\5.0.1\\a74c7f0a37046846e88d54f7cb6ea6d565c65f9c\\HikariCP-5.0.1.jar;C:\\Users\\edber\\.gradle\\caches\\modules-2\\files-2.1\\jakarta.persistence\\jakarta.persistence-api\\3.1.0\\66901fa1c373c6aff65c13791cc11da72060a8d6\\jakarta.persistence-api-3.1.0.jar;C:\\Users\\edber\\.gradle\\caches\\modules-2\\files-2.1\\jakarta.transaction\\jakarta.transaction-api\\2.0.1\\51a520e3fae406abb84e2e1148e6746ce3f80a1a\\jakarta.transaction-api-2.0.1.jar;C:\\Users\\edber\\.gradle\\caches\\modules-2\\files-2.1\\org.jboss.logging\\jboss-logging\\3.5.3.Final\\c88fc1d8a96d4c3491f55d4317458ccad53ca663\\jboss-logging-3.5.3.Final.jar;C:\\Users\\edber\\.gradle\\caches\\modules-2\\files-2.1\\org.hibernate.common\\hibernate-commons-annotations\\6.0.6.Final\\77a5f94b56d49508e0ee334751db5b78e5ccd50c\\hibernate-commons-annotations-6.0.6.Final.jar;C:\\Users\\edber\\.gradle\\caches\\modules-2\\files-2.1\\io.smallrye\\jandex\\3.1.2\\a6c1c89925c7df06242b03dddb353116ceb9584c\\jandex-3.1.2.jar;C:\\Users\\edber\\.gradle\\caches\\modules-2\\files-2.1\\com.fasterxml\\classmate\\1.6.0\\91affab6f84a2182fce5dd72a8d01bc14346dddd\\classmate-1.6.0.jar;C:\\Users\\edber\\.gradle\\caches\\modules-2\\files-2.1\\net.bytebuddy\\byte-buddy\\1.14.12\\6e37f743dc15a8d7a4feb3eb0025cbc612d5b9e1\\byte-buddy-1.14.12.jar;C:\\Users\\edber\\.gradle\\caches\\modules-2\\files-2.1\\jakarta.inject\\jakarta.inject-api\\2.0.1\\4c28afe1991a941d7702fe1362c365f0a8641d1e\\jakarta.inject-api-2.0.1.jar;C:\\Users\\edber\\.gradle\\caches\\modules-2\\files-2.1\\org.antlr\\antlr4-runtime\\4.13.0\\5a02e48521624faaf5ff4d99afc88b01686af655\\antlr4-runtime-4.13.0.jar;C:\\Users\\edber\\.gradle\\caches\\modules-2\\files-2.1\\ch.qos.logback\\logback-classic\\1.4.14\\d98bc162275134cdf1518774da4a2a17ef6fb94d\\logback-classic-1.4.14.jar;C:\\Users\\edber\\.gradle\\caches\\modules-2\\files-2.1\\org.apache.logging.log4j\\log4j-to-slf4j\\2.21.1\\d77b2ba81711ed596cd797cc2b5b5bd7409d841c\\log4j-to-slf4j-2.21.1.jar;C:\\Users\\edber\\.gradle\\caches\\modules-2\\files-2.1\\org.slf4j\\jul-to-slf4j\\2.0.12\\eb5f48f782b41cc881b0bf1fb4d88ae2ff6d5b93\\jul-to-slf4j-2.0.12.jar;C:\\Users\\edber\\.gradle\\caches\\modules-2\\files-2.1\\org.slf4j\\slf4j-api\\2.0.12\\48f109a2a6d8f446c794f3e3fa0d86df0cdfa312\\slf4j-api-2.0.12.jar;C:\\Users\\edber\\.gradle\\caches\\modules-2\\files-2.1\\jakarta.validation\\jakarta.validation-api\\3.0.2\\92b6631659ba35ca09e44874d3eb936edfeee532\\jakarta.validation-api-3.0.2.jar;C:\\Users\\edber\\.gradle\\caches\\modules-2\\files-2.1\\org.eclipse.angus\\angus-activation\\2.0.2\\41f1e0ddd157c856926ed149ab837d110955a9fc\\angus-activation-2.0.2.jar;C:\\Users\\edber\\.gradle\\caches\\modules-2\\files-2.1\\jakarta.activation\\jakarta.activation-api\\2.1.3\\fa165bd70cda600368eee31555222776a46b881f\\jakarta.activation-api-2.1.3.jar;C:\\Users\\edber\\.gradle\\caches\\modules-2\\files-2.1\\net.minidev\\accessors-smart\\2.5.0\\aca011492dfe9c26f4e0659028a4fe0970829dd8\\accessors-smart-2.5.0.jar;C:\\Users\\edber\\.gradle\\caches\\modules-2\\files-2.1\\net.bytebuddy\\byte-buddy-agent\\1.14.12\\be4984cb6fd1ef1d11f218a648889dfda44b8a15\\byte-buddy-agent-1.14.12.jar;C:\\Users\\edber\\.gradle\\caches\\modules-2\\files-2.1\\org.objenesis\\objenesis\\3.3\\1049c09f1de4331e8193e579448d0916d75b7631\\objenesis-3.3.jar;C:\\Users\\edber\\.gradle\\caches\\modules-2\\files-2.1\\com.vaadin.external.google\\android-json\\0.0.20131108.vaadin1\\fa26d351fe62a6a17f5cda1287c1c6110dec413f\\android-json-0.0.20131108.vaadin1.jar;C:\\Users\\edber\\.gradle\\caches\\modules-2\\files-2.1\\org.springframework\\spring-jcl\\6.1.5\\896ae3519327731589c6e77521656b50ae32d5b3\\spring-jcl-6.1.5.jar;C:\\Users\\edber\\.gradle\\caches\\modules-2\\files-2.1\\io.prometheus\\simpleclient_tracer_otel\\0.16.0\\cc3d2b7b7cb6f077e3b1ee1d3e99eb54fddfa151\\simpleclient_tracer_otel-0.16.0.jar;C:\\Users\\edber\\.gradle\\caches\\modules-2\\files-2.1\\io.prometheus\\simpleclient_tracer_otel_agent\\0.16.0\\9d724771e339ff7ec6cd7c0cc170d3470904c5\\simpleclient_tracer_otel_agent-0.16.0.jar;C:\\Users\\edber\\.gradle\\caches\\modules-2\\files-2.1\\org.ow2.asm\\asm\\9.3\\8e6300ef51c1d801a7ed62d07cd221aca3a90640\\asm-9.3.jar;C:\\Users\\edber\\.gradle\\caches\\modules-2\\files-2.1\\org.opentest4j\\opentest4j\\1.3.0\\152ea56b3a72f655d4fd677fc0ef2596c3dd5e6e\\opentest4j-1.3.0.jar;C:\\Users\\edber\\.gradle\\caches\\modules-2\\files-2.1\\ch.qos.logback\\logback-core\\1.4.14\\4d3c2248219ac0effeb380ed4c5280a80bf395e8\\logback-core-1.4.14.jar;C:\\Users\\edber\\.gradle\\caches\\modules-2\\files-2.1\\org.apache.logging.log4j\\log4j-api\\2.21.1\\74c65e87b9ce1694a01524e192d7be989ba70486\\log4j-api-2.21.1.jar;C:\\Users\\edber\\.gradle\\caches\\modules-2\\files-2.1\\io.prometheus\\simpleclient_tracer_common\\0.16.0\\dec00ef7c6155c4ca1109ec8248f7ff58d8f6cd3\\simpleclient_tracer_common-0.16.0.jar;C:\\Users\\edber\\.gradle\\caches\\modules-2\\files-2.1\\org.glassfish.jaxb\\txw2\\4.0.5\\f36a4ef12120a9bb06d766d6a0e54b144fd7ed98\\txw2-4.0.5.jar;C:\\Users\\edber\\.gradle\\caches\\modules-2\\files-2.1\\com.sun.istack\\istack-commons-runtime\\4.1.2\\18ec117c85f3ba0ac65409136afa8e42bc74e739\\istack-commons-runtime-4.1.2.jar;C:\\Users\\edber\\.gradle\\wrapper\\dists\\gradle-8.7-bin\\bhs2wmbdwecv87pi65oeuq5iu\\gradle-8.7\\lib\\plugins\\junit-platform-engine-1.8.2.jar;C:\\Users\\edber\\.gradle\\wrapper\\dists\\gradle-8.7-bin\\bhs2wmbdwecv87pi65oeuq5iu\\gradle-8.7\\lib\\plugins\\junit-platform-launcher-1.8.2.jar;C:\\Users\\edber\\.gradle\\wrapper\\dists\\gradle-8.7-bin\\bhs2wmbdwecv87pi65oeuq5iu\\gradle-8.7\\lib\\plugins\\junit-platform-commons-1.8.2.jar
Launcher Type: SUN_STANDARD

[Global flags]
     intx CICompilerCount                          = 12                                        {product} {ergonomic}
     uint ConcGCThreads                            = 3                                         {product} {ergonomic}
     uint G1ConcRefinementThreads                  = 13                                        {product} {ergonomic}
   size_t G1HeapRegionSize                         = 1048576                                   {product} {ergonomic}
    uintx GCDrainStackTargetSize                   = 64                                        {product} {ergonomic}
   size_t InitialHeapSize                          = 266338304                                 {product} {ergonomic}
   size_t MarkStackSize                            = 4194304                                   {product} {ergonomic}
   size_t MaxHeapSize                              = 536870912                                 {product} {command line}
   size_t MinHeapDeltaBytes                        = 1048576                                   {product} {ergonomic}
   size_t MinHeapSize                              = 8388608                                   {product} {ergonomic}
    uintx NonNMethodCodeHeapSize                   = 7602480                                {pd product} {ergonomic}
    uintx NonProfiledCodeHeapSize                  = 122027880                              {pd product} {ergonomic}
    uintx ProfiledCodeHeapSize                     = 122027880                              {pd product} {ergonomic}
    uintx ReservedCodeCacheSize                    = 251658240                              {pd product} {ergonomic}
     bool SegmentedCodeCache                       = true                                      {product} {ergonomic}
   size_t SoftMaxHeapSize                          = 536870912                              {manageable} {ergonomic}
     bool UseCompressedOops                        = true                           {product lp64_product} {ergonomic}
     bool UseG1GC                                  = true                                      {product} {ergonomic}
     bool UseLargePagesIndividualAllocation        = false                                  {pd product} {ergonomic}

Logging:
Log output configuration:
 #0: stdout all=warning uptime,level,tags foldmultilines=false
 #1: stderr all=off uptime,level,tags foldmultilines=false

Environment Variables:
JAVA_HOME=C:\Program Files\Java\jdk-21
CLASSPATH=E:\Kuliah\Sem4\Adpro\bookshop\\gradle\wrapper\gradle-wrapper.jar
PATH=C:\Program Files\Common Files\Oracle\Java\javapath;C:\Program Files (x86)\Common Files\Oracle\Java\javapath;C:\Program Files\NVIDIA GPU Computing Toolkit\CUDA\v12.1\bin;C:\Program Files\NVIDIA GPU Computing Toolkit\CUDA\v12.1\libnvvp;C:\Program Files\NVIDIA GPU Computing Toolkit\CUDA\v11.8\bin;C:\Program Files\NVIDIA GPU Computing Toolkit\CUDA\v11.8\libnvvp;C:\Program Files (x86)\Common Files\Intel\Shared Libraries\redist\intel64\compiler;C:\Windows\system32;C:\Windows;C:\Windows\System32\Wbem;C:\Windows\System32\WindowsPowerShell\v1.0\;C:\Windows\System32\OpenSSH\;C:\Program Files (x86)\NVIDIA Corporation\PhysX\Common;C:\Program Files\NVIDIA Corporation\NVIDIA NvDLISR;C:\MinGW\bin;C:\Program Files\NVIDIA Corporation\Nsight Compute 2023.1.1\;C:\ProgramData\chocolatey\bin;C:\Program Files\Git\cmd;C:\Users\edber\AppData\Local\Android\Sdk;C:\Program Files\Java\jdk-20\bin;E:\nodejs\;C:\Program Files\PuTTY\;C:\Program Files\Docker\Docker\resources\bin;C:\Program Files\PowerShell\7\;C:\minikube;C:\Users\edber\.cargo\bin;C:\Users\edber\AppData\Local\Programs\Python\Python311\Scripts\;C:\Users\edber\AppData\Local\Programs\Python\Python311\;C:\Users\edber\AppData\Local\Microsoft\WindowsApps;C:\Users\edber\AppData\Local\Programs\Microsoft VS Code\bin;C:\Users\edber\OneDrive\Documents\FlutterDev\flutter\bin;C:\Users\edber\AppData\Roaming\npm;C:\Program Files\PostgreSQL\16\bin;
USERNAME=edber
OS=Windows_NT
PROCESSOR_IDENTIFIER=Intel64 Family 6 Model 186 Stepping 2, GenuineIntel
TMP=C:\Users\edber\AppData\Local\Temp
TEMP=C:\Users\edber\AppData\Local\Temp




Periodic native trim disabled

---------------  S Y S T E M  ---------------

OS:
 Windows 11 , 64 bit Build 22621 (10.0.22621.3527)
OS uptime: 0 days 23:14 hours
Hyper-V role detected

CPU: total 16 (initial active 16) (8 cores per cpu, 2 threads per core) family 6 model 186 stepping 2 microcode 0x410e, cx8, cmov, fxsr, ht, mmx, 3dnowpref, sse, sse2, sse3, ssse3, sse4.1, sse4.2, popcnt, lzcnt, tsc, tscinvbit, avx, avx2, aes, erms, clmul, bmi1, bmi2, adx, sha, fma, vzeroupper, clflush, clflushopt, clwb, hv, serialize, rdtscp, rdpid, fsrm, f16c, cet_ibt, cet_ss
Processor Information for processor 0
  Max Mhz: 2400, Current Mhz: 2400, Mhz Limit: 2400
Processor Information for processor 1
  Max Mhz: 2400, Current Mhz: 2400, Mhz Limit: 2400
Processor Information for processor 2
  Max Mhz: 2400, Current Mhz: 2400, Mhz Limit: 2400
Processor Information for processor 3
  Max Mhz: 2400, Current Mhz: 2400, Mhz Limit: 2400
Processor Information for processor 4
  Max Mhz: 2400, Current Mhz: 2400, Mhz Limit: 2400
Processor Information for processor 5
  Max Mhz: 2400, Current Mhz: 2400, Mhz Limit: 2400
Processor Information for processor 6
  Max Mhz: 2400, Current Mhz: 2400, Mhz Limit: 2400
Processor Information for processor 7
  Max Mhz: 2400, Current Mhz: 2400, Mhz Limit: 2400
Processor Information for processor 8
  Max Mhz: 2400, Current Mhz: 2400, Mhz Limit: 2400
Processor Information for processor 9
  Max Mhz: 2400, Current Mhz: 2400, Mhz Limit: 2400
Processor Information for processor 10
  Max Mhz: 2400, Current Mhz: 2400, Mhz Limit: 2400
Processor Information for processor 11
  Max Mhz: 2400, Current Mhz: 2400, Mhz Limit: 2400
Processor Information for processor 12
  Max Mhz: 2400, Current Mhz: 1800, Mhz Limit: 1800
Processor Information for processor 13
  Max Mhz: 2400, Current Mhz: 1800, Mhz Limit: 1800
Processor Information for processor 14
  Max Mhz: 2400, Current Mhz: 1800, Mhz Limit: 1800
Processor Information for processor 15
  Max Mhz: 2400, Current Mhz: 1800, Mhz Limit: 1800

Memory: 4k page, system-wide physical 16176M (2573M free)
TotalPageFile size 20272M (AvailPageFile size 42M)
current process WorkingSet (physical memory assigned to process): 11M, peak: 11M
current process commit charge ("private bytes"): 70M, peak: 324M

vm_info: Java HotSpot(TM) 64-Bit Server VM (21.0.3+7-LTS-152) for windows-amd64 JRE (21.0.3+7-LTS-152), built on 2024-03-11T17:42:26Z by "mach5one" with MS VC++ 17.6 (VS2022)

END.
